Oct 31 2023 07:32:12
{"type":8192,"message":"Return type of Ai1wm_Recursive_Newline_Filter::accept() should either be compatible with FilterIterator::accept(): bool, or the #[\\ReturnTypeWillChange] attribute should be used to temporarily suppress the notice","file":"C:\\xampp\\htdocs\\Armughan1\\wp-content\\plugins\\All-In-One-WP-Migration-With-Import-master\\lib\\vendor\\servmask\\filter\\class-ai1wm-recursive-newline-filter.php","line":28}

Oct 31 2023 07:32:12
{"type":8192,"message":"Return type of Ai1wm_Recursive_Newline_Filter::accept() should either be compatible with FilterIterator::accept(): bool, or the #[\\ReturnTypeWillChange] attribute should be used to temporarily suppress the notice","file":"C:\\xampp\\htdocs\\Armughan1\\wp-content\\plugins\\All-In-One-WP-Migration-With-Import-master\\lib\\vendor\\servmask\\filter\\class-ai1wm-recursive-newline-filter.php","line":28}

Oct 31 2023 07:32:13
{"type":8192,"message":"Return type of Ai1wm_Recursive_Newline_Filter::accept() should either be compatible with FilterIterator::accept(): bool, or the #[\\ReturnTypeWillChange] attribute should be used to temporarily suppress the notice","file":"C:\\xampp\\htdocs\\Armughan1\\wp-content\\plugins\\All-In-One-WP-Migration-With-Import-master\\lib\\vendor\\servmask\\filter\\class-ai1wm-recursive-newline-filter.php","line":28}

Oct 31 2023 07:32:14
{"type":8192,"message":"Return type of Ai1wm_Recursive_Newline_Filter::accept() should either be compatible with FilterIterator::accept(): bool, or the #[\\ReturnTypeWillChange] attribute should be used to temporarily suppress the notice","file":"C:\\xampp\\htdocs\\Armughan1\\wp-content\\plugins\\All-In-One-WP-Migration-With-Import-master\\lib\\vendor\\servmask\\filter\\class-ai1wm-recursive-newline-filter.php","line":28}

Oct 31 2023 07:32:14
{"type":8192,"message":"Return type of Ai1wm_Recursive_Newline_Filter::accept() should either be compatible with FilterIterator::accept(): bool, or the #[\\ReturnTypeWillChange] attribute should be used to temporarily suppress the notice","file":"C:\\xampp\\htdocs\\Armughan1\\wp-content\\plugins\\All-In-One-WP-Migration-With-Import-master\\lib\\vendor\\servmask\\filter\\class-ai1wm-recursive-newline-filter.php","line":28}

Oct 31 2023 07:32:15
{"type":8192,"message":"Return type of Ai1wm_Recursive_Newline_Filter::accept() should either be compatible with FilterIterator::accept(): bool, or the #[\\ReturnTypeWillChange] attribute should be used to temporarily suppress the notice","file":"C:\\xampp\\htdocs\\Armughan1\\wp-content\\plugins\\All-In-One-WP-Migration-With-Import-master\\lib\\vendor\\servmask\\filter\\class-ai1wm-recursive-newline-filter.php","line":28}

Oct 31 2023 07:32:16
{"type":8192,"message":"Return type of Ai1wm_Recursive_Newline_Filter::accept() should either be compatible with FilterIterator::accept(): bool, or the #[\\ReturnTypeWillChange] attribute should be used to temporarily suppress the notice","file":"C:\\xampp\\htdocs\\Armughan1\\wp-content\\plugins\\All-In-One-WP-Migration-With-Import-master\\lib\\vendor\\servmask\\filter\\class-ai1wm-recursive-newline-filter.php","line":28}

Oct 31 2023 07:32:16
{"type":8192,"message":"Return type of Ai1wm_Recursive_Newline_Filter::accept() should either be compatible with FilterIterator::accept(): bool, or the #[\\ReturnTypeWillChange] attribute should be used to temporarily suppress the notice","file":"C:\\xampp\\htdocs\\Armughan1\\wp-content\\plugins\\All-In-One-WP-Migration-With-Import-master\\lib\\vendor\\servmask\\filter\\class-ai1wm-recursive-newline-filter.php","line":28}

Oct 31 2023 07:32:17
{"type":8192,"message":"Return type of Ai1wm_Recursive_Newline_Filter::accept() should either be compatible with FilterIterator::accept(): bool, or the #[\\ReturnTypeWillChange] attribute should be used to temporarily suppress the notice","file":"C:\\xampp\\htdocs\\Armughan1\\wp-content\\plugins\\All-In-One-WP-Migration-With-Import-master\\lib\\vendor\\servmask\\filter\\class-ai1wm-recursive-newline-filter.php","line":28}

Oct 31 2023 07:32:18
{"type":8192,"message":"Return type of Ai1wm_Recursive_Newline_Filter::accept() should either be compatible with FilterIterator::accept(): bool, or the #[\\ReturnTypeWillChange] attribute should be used to temporarily suppress the notice","file":"C:\\xampp\\htdocs\\Armughan1\\wp-content\\plugins\\All-In-One-WP-Migration-With-Import-master\\lib\\vendor\\servmask\\filter\\class-ai1wm-recursive-newline-filter.php","line":28}

Oct 31 2023 07:32:19
{"type":8192,"message":"Return type of Ai1wm_Recursive_Newline_Filter::accept() should either be compatible with FilterIterator::accept(): bool, or the #[\\ReturnTypeWillChange] attribute should be used to temporarily suppress the notice","file":"C:\\xampp\\htdocs\\Armughan1\\wp-content\\plugins\\All-In-One-WP-Migration-With-Import-master\\lib\\vendor\\servmask\\filter\\class-ai1wm-recursive-newline-filter.php","line":28}

Oct 31 2023 07:32:19
{"type":8192,"message":"Return type of Ai1wm_Recursive_Newline_Filter::accept() should either be compatible with FilterIterator::accept(): bool, or the #[\\ReturnTypeWillChange] attribute should be used to temporarily suppress the notice","file":"C:\\xampp\\htdocs\\Armughan1\\wp-content\\plugins\\All-In-One-WP-Migration-With-Import-master\\lib\\vendor\\servmask\\filter\\class-ai1wm-recursive-newline-filter.php","line":28}

Oct 31 2023 07:32:20
{"type":8192,"message":"Return type of Ai1wm_Recursive_Newline_Filter::accept() should either be compatible with FilterIterator::accept(): bool, or the #[\\ReturnTypeWillChange] attribute should be used to temporarily suppress the notice","file":"C:\\xampp\\htdocs\\Armughan1\\wp-content\\plugins\\All-In-One-WP-Migration-With-Import-master\\lib\\vendor\\servmask\\filter\\class-ai1wm-recursive-newline-filter.php","line":28}

Oct 31 2023 07:32:25
{"type":8192,"message":"Return type of Ai1wm_Recursive_Newline_Filter::accept() should either be compatible with FilterIterator::accept(): bool, or the #[\\ReturnTypeWillChange] attribute should be used to temporarily suppress the notice","file":"C:\\xampp\\htdocs\\Armughan1\\wp-content\\plugins\\All-In-One-WP-Migration-With-Import-master\\lib\\vendor\\servmask\\filter\\class-ai1wm-recursive-newline-filter.php","line":28}

Oct 31 2023 07:32:27
{"type":8192,"message":"Return type of Ai1wm_Recursive_Newline_Filter::accept() should either be compatible with FilterIterator::accept(): bool, or the #[\\ReturnTypeWillChange] attribute should be used to temporarily suppress the notice","file":"C:\\xampp\\htdocs\\Armughan1\\wp-content\\plugins\\All-In-One-WP-Migration-With-Import-master\\lib\\vendor\\servmask\\filter\\class-ai1wm-recursive-newline-filter.php","line":28}

Oct 31 2023 07:32:27
{"type":8192,"message":"Return type of Ai1wm_Recursive_Newline_Filter::accept() should either be compatible with FilterIterator::accept(): bool, or the #[\\ReturnTypeWillChange] attribute should be used to temporarily suppress the notice","file":"C:\\xampp\\htdocs\\Armughan1\\wp-content\\plugins\\All-In-One-WP-Migration-With-Import-master\\lib\\vendor\\servmask\\filter\\class-ai1wm-recursive-newline-filter.php","line":28}

Oct 31 2023 07:32:28
{"type":8192,"message":"Return type of Ai1wm_Recursive_Newline_Filter::accept() should either be compatible with FilterIterator::accept(): bool, or the #[\\ReturnTypeWillChange] attribute should be used to temporarily suppress the notice","file":"C:\\xampp\\htdocs\\Armughan1\\wp-content\\plugins\\All-In-One-WP-Migration-With-Import-master\\lib\\vendor\\servmask\\filter\\class-ai1wm-recursive-newline-filter.php","line":28}

Oct 31 2023 07:32:29
{"type":8192,"message":"Return type of Ai1wm_Recursive_Newline_Filter::accept() should either be compatible with FilterIterator::accept(): bool, or the #[\\ReturnTypeWillChange] attribute should be used to temporarily suppress the notice","file":"C:\\xampp\\htdocs\\Armughan1\\wp-content\\plugins\\All-In-One-WP-Migration-With-Import-master\\lib\\vendor\\servmask\\filter\\class-ai1wm-recursive-newline-filter.php","line":28}

Oct 31 2023 07:32:29
{"type":8192,"message":"Return type of Ai1wm_Recursive_Newline_Filter::accept() should either be compatible with FilterIterator::accept(): bool, or the #[\\ReturnTypeWillChange] attribute should be used to temporarily suppress the notice","file":"C:\\xampp\\htdocs\\Armughan1\\wp-content\\plugins\\All-In-One-WP-Migration-With-Import-master\\lib\\vendor\\servmask\\filter\\class-ai1wm-recursive-newline-filter.php","line":28}

Oct 31 2023 07:32:30
{"type":8192,"message":"Return type of Ai1wm_Recursive_Newline_Filter::accept() should either be compatible with FilterIterator::accept(): bool, or the #[\\ReturnTypeWillChange] attribute should be used to temporarily suppress the notice","file":"C:\\xampp\\htdocs\\Armughan1\\wp-content\\plugins\\All-In-One-WP-Migration-With-Import-master\\lib\\vendor\\servmask\\filter\\class-ai1wm-recursive-newline-filter.php","line":28}

Oct 31 2023 07:32:31
{"type":8192,"message":"Return type of Ai1wm_Recursive_Newline_Filter::accept() should either be compatible with FilterIterator::accept(): bool, or the #[\\ReturnTypeWillChange] attribute should be used to temporarily suppress the notice","file":"C:\\xampp\\htdocs\\Armughan1\\wp-content\\plugins\\All-In-One-WP-Migration-With-Import-master\\lib\\vendor\\servmask\\filter\\class-ai1wm-recursive-newline-filter.php","line":28}

Oct 31 2023 07:32:31
{"type":8192,"message":"Return type of Ai1wm_Recursive_Newline_Filter::accept() should either be compatible with FilterIterator::accept(): bool, or the #[\\ReturnTypeWillChange] attribute should be used to temporarily suppress the notice","file":"C:\\xampp\\htdocs\\Armughan1\\wp-content\\plugins\\All-In-One-WP-Migration-With-Import-master\\lib\\vendor\\servmask\\filter\\class-ai1wm-recursive-newline-filter.php","line":28}

Oct 31 2023 07:32:32
{"type":8192,"message":"Return type of Ai1wm_Recursive_Newline_Filter::accept() should either be compatible with FilterIterator::accept(): bool, or the #[\\ReturnTypeWillChange] attribute should be used to temporarily suppress the notice","file":"C:\\xampp\\htdocs\\Armughan1\\wp-content\\plugins\\All-In-One-WP-Migration-With-Import-master\\lib\\vendor\\servmask\\filter\\class-ai1wm-recursive-newline-filter.php","line":28}

Oct 31 2023 07:32:33
{"type":8192,"message":"Return type of Ai1wm_Recursive_Newline_Filter::accept() should either be compatible with FilterIterator::accept(): bool, or the #[\\ReturnTypeWillChange] attribute should be used to temporarily suppress the notice","file":"C:\\xampp\\htdocs\\Armughan1\\wp-content\\plugins\\All-In-One-WP-Migration-With-Import-master\\lib\\vendor\\servmask\\filter\\class-ai1wm-recursive-newline-filter.php","line":28}

Oct 31 2023 07:32:33
{"type":8192,"message":"Return type of Ai1wm_Recursive_Newline_Filter::accept() should either be compatible with FilterIterator::accept(): bool, or the #[\\ReturnTypeWillChange] attribute should be used to temporarily suppress the notice","file":"C:\\xampp\\htdocs\\Armughan1\\wp-content\\plugins\\All-In-One-WP-Migration-With-Import-master\\lib\\vendor\\servmask\\filter\\class-ai1wm-recursive-newline-filter.php","line":28}

Oct 31 2023 07:32:34
{"type":8192,"message":"Return type of Ai1wm_Recursive_Newline_Filter::accept() should either be compatible with FilterIterator::accept(): bool, or the #[\\ReturnTypeWillChange] attribute should be used to temporarily suppress the notice","file":"C:\\xampp\\htdocs\\Armughan1\\wp-content\\plugins\\All-In-One-WP-Migration-With-Import-master\\lib\\vendor\\servmask\\filter\\class-ai1wm-recursive-newline-filter.php","line":28}

Oct 31 2023 07:32:35
{"type":8192,"message":"Return type of Ai1wm_Recursive_Newline_Filter::accept() should either be compatible with FilterIterator::accept(): bool, or the #[\\ReturnTypeWillChange] attribute should be used to temporarily suppress the notice","file":"C:\\xampp\\htdocs\\Armughan1\\wp-content\\plugins\\All-In-One-WP-Migration-With-Import-master\\lib\\vendor\\servmask\\filter\\class-ai1wm-recursive-newline-filter.php","line":28}

Oct 31 2023 07:32:36
{"type":8192,"message":"Return type of Ai1wm_Recursive_Newline_Filter::accept() should either be compatible with FilterIterator::accept(): bool, or the #[\\ReturnTypeWillChange] attribute should be used to temporarily suppress the notice","file":"C:\\xampp\\htdocs\\Armughan1\\wp-content\\plugins\\All-In-One-WP-Migration-With-Import-master\\lib\\vendor\\servmask\\filter\\class-ai1wm-recursive-newline-filter.php","line":28}

Oct 31 2023 07:32:36
{"type":8192,"message":"Return type of Ai1wm_Recursive_Newline_Filter::accept() should either be compatible with FilterIterator::accept(): bool, or the #[\\ReturnTypeWillChange] attribute should be used to temporarily suppress the notice","file":"C:\\xampp\\htdocs\\Armughan1\\wp-content\\plugins\\All-In-One-WP-Migration-With-Import-master\\lib\\vendor\\servmask\\filter\\class-ai1wm-recursive-newline-filter.php","line":28}

Oct 31 2023 07:32:37
{"type":8192,"message":"Return type of Ai1wm_Recursive_Newline_Filter::accept() should either be compatible with FilterIterator::accept(): bool, or the #[\\ReturnTypeWillChange] attribute should be used to temporarily suppress the notice","file":"C:\\xampp\\htdocs\\Armughan1\\wp-content\\plugins\\All-In-One-WP-Migration-With-Import-master\\lib\\vendor\\servmask\\filter\\class-ai1wm-recursive-newline-filter.php","line":28}

Oct 31 2023 07:32:38
{"type":8192,"message":"Return type of Ai1wm_Recursive_Newline_Filter::accept() should either be compatible with FilterIterator::accept(): bool, or the #[\\ReturnTypeWillChange] attribute should be used to temporarily suppress the notice","file":"C:\\xampp\\htdocs\\Armughan1\\wp-content\\plugins\\All-In-One-WP-Migration-With-Import-master\\lib\\vendor\\servmask\\filter\\class-ai1wm-recursive-newline-filter.php","line":28}

Oct 31 2023 07:32:38
{"type":8192,"message":"Return type of Ai1wm_Recursive_Newline_Filter::accept() should either be compatible with FilterIterator::accept(): bool, or the #[\\ReturnTypeWillChange] attribute should be used to temporarily suppress the notice","file":"C:\\xampp\\htdocs\\Armughan1\\wp-content\\plugins\\All-In-One-WP-Migration-With-Import-master\\lib\\vendor\\servmask\\filter\\class-ai1wm-recursive-newline-filter.php","line":28}

Oct 31 2023 07:32:39
{"type":8192,"message":"Return type of Ai1wm_Recursive_Newline_Filter::accept() should either be compatible with FilterIterator::accept(): bool, or the #[\\ReturnTypeWillChange] attribute should be used to temporarily suppress the notice","file":"C:\\xampp\\htdocs\\Armughan1\\wp-content\\plugins\\All-In-One-WP-Migration-With-Import-master\\lib\\vendor\\servmask\\filter\\class-ai1wm-recursive-newline-filter.php","line":28}

Oct 31 2023 07:32:39
{"type":8192,"message":"Return type of Ai1wm_Recursive_Newline_Filter::accept() should either be compatible with FilterIterator::accept(): bool, or the #[\\ReturnTypeWillChange] attribute should be used to temporarily suppress the notice","file":"C:\\xampp\\htdocs\\Armughan1\\wp-content\\plugins\\All-In-One-WP-Migration-With-Import-master\\lib\\vendor\\servmask\\filter\\class-ai1wm-recursive-newline-filter.php","line":28}

Oct 31 2023 07:32:40
{"type":8192,"message":"Return type of Ai1wm_Recursive_Newline_Filter::accept() should either be compatible with FilterIterator::accept(): bool, or the #[\\ReturnTypeWillChange] attribute should be used to temporarily suppress the notice","file":"C:\\xampp\\htdocs\\Armughan1\\wp-content\\plugins\\All-In-One-WP-Migration-With-Import-master\\lib\\vendor\\servmask\\filter\\class-ai1wm-recursive-newline-filter.php","line":28}

Oct 31 2023 07:32:41
{"type":8192,"message":"Return type of Ai1wm_Recursive_Newline_Filter::accept() should either be compatible with FilterIterator::accept(): bool, or the #[\\ReturnTypeWillChange] attribute should be used to temporarily suppress the notice","file":"C:\\xampp\\htdocs\\Armughan1\\wp-content\\plugins\\All-In-One-WP-Migration-With-Import-master\\lib\\vendor\\servmask\\filter\\class-ai1wm-recursive-newline-filter.php","line":28}

Oct 31 2023 07:32:45
{"type":8192,"message":"Return type of Ai1wm_Recursive_Newline_Filter::accept() should either be compatible with FilterIterator::accept(): bool, or the #[\\ReturnTypeWillChange] attribute should be used to temporarily suppress the notice","file":"C:\\xampp\\htdocs\\Armughan1\\wp-content\\plugins\\All-In-One-WP-Migration-With-Import-master\\lib\\vendor\\servmask\\filter\\class-ai1wm-recursive-newline-filter.php","line":28}

Oct 31 2023 07:32:46
{"type":8192,"message":"Return type of Ai1wm_Recursive_Newline_Filter::accept() should either be compatible with FilterIterator::accept(): bool, or the #[\\ReturnTypeWillChange] attribute should be used to temporarily suppress the notice","file":"C:\\xampp\\htdocs\\Armughan1\\wp-content\\plugins\\All-In-One-WP-Migration-With-Import-master\\lib\\vendor\\servmask\\filter\\class-ai1wm-recursive-newline-filter.php","line":28}

Oct 31 2023 07:32:56
{"type":8192,"message":"Return type of Ai1wm_Recursive_Newline_Filter::accept() should either be compatible with FilterIterator::accept(): bool, or the #[\\ReturnTypeWillChange] attribute should be used to temporarily suppress the notice","file":"C:\\xampp\\htdocs\\Armughan1\\wp-content\\plugins\\All-In-One-WP-Migration-With-Import-master\\lib\\vendor\\servmask\\filter\\class-ai1wm-recursive-newline-filter.php","line":28}

Oct 31 2023 07:33:07
{"type":8192,"message":"Return type of Ai1wm_Recursive_Newline_Filter::accept() should either be compatible with FilterIterator::accept(): bool, or the #[\\ReturnTypeWillChange] attribute should be used to temporarily suppress the notice","file":"C:\\xampp\\htdocs\\Armughan1\\wp-content\\plugins\\All-In-One-WP-Migration-With-Import-master\\lib\\vendor\\servmask\\filter\\class-ai1wm-recursive-newline-filter.php","line":28}

Oct 31 2023 07:33:18
{"type":8192,"message":"Return type of Ai1wm_Recursive_Newline_Filter::accept() should either be compatible with FilterIterator::accept(): bool, or the #[\\ReturnTypeWillChange] attribute should be used to temporarily suppress the notice","file":"C:\\xampp\\htdocs\\Armughan1\\wp-content\\plugins\\All-In-One-WP-Migration-With-Import-master\\lib\\vendor\\servmask\\filter\\class-ai1wm-recursive-newline-filter.php","line":28}

Oct 31 2023 07:33:29
{"type":8192,"message":"Return type of Ai1wm_Recursive_Newline_Filter::accept() should either be compatible with FilterIterator::accept(): bool, or the #[\\ReturnTypeWillChange] attribute should be used to temporarily suppress the notice","file":"C:\\xampp\\htdocs\\Armughan1\\wp-content\\plugins\\All-In-One-WP-Migration-With-Import-master\\lib\\vendor\\servmask\\filter\\class-ai1wm-recursive-newline-filter.php","line":28}

Oct 31 2023 07:33:41
{"type":8192,"message":"Return type of Ai1wm_Recursive_Newline_Filter::accept() should either be compatible with FilterIterator::accept(): bool, or the #[\\ReturnTypeWillChange] attribute should be used to temporarily suppress the notice","file":"C:\\xampp\\htdocs\\Armughan1\\wp-content\\plugins\\All-In-One-WP-Migration-With-Import-master\\lib\\vendor\\servmask\\filter\\class-ai1wm-recursive-newline-filter.php","line":28}

Oct 31 2023 07:33:51
{"type":8192,"message":"Return type of Ai1wm_Recursive_Newline_Filter::accept() should either be compatible with FilterIterator::accept(): bool, or the #[\\ReturnTypeWillChange] attribute should be used to temporarily suppress the notice","file":"C:\\xampp\\htdocs\\Armughan1\\wp-content\\plugins\\All-In-One-WP-Migration-With-Import-master\\lib\\vendor\\servmask\\filter\\class-ai1wm-recursive-newline-filter.php","line":28}

Oct 31 2023 07:34:02
{"type":8192,"message":"Return type of Ai1wm_Recursive_Newline_Filter::accept() should either be compatible with FilterIterator::accept(): bool, or the #[\\ReturnTypeWillChange] attribute should be used to temporarily suppress the notice","file":"C:\\xampp\\htdocs\\Armughan1\\wp-content\\plugins\\All-In-One-WP-Migration-With-Import-master\\lib\\vendor\\servmask\\filter\\class-ai1wm-recursive-newline-filter.php","line":28}

Oct 31 2023 07:34:07
{"type":8192,"message":"Return type of Ai1wm_Recursive_Newline_Filter::accept() should either be compatible with FilterIterator::accept(): bool, or the #[\\ReturnTypeWillChange] attribute should be used to temporarily suppress the notice","file":"C:\\xampp\\htdocs\\Armughan1\\wp-content\\plugins\\All-In-One-WP-Migration-With-Import-master\\lib\\vendor\\servmask\\filter\\class-ai1wm-recursive-newline-filter.php","line":28}

Oct 31 2023 07:34:08
{"type":8192,"message":"Return type of Ai1wm_Recursive_Newline_Filter::accept() should either be compatible with FilterIterator::accept(): bool, or the #[\\ReturnTypeWillChange] attribute should be used to temporarily suppress the notice","file":"C:\\xampp\\htdocs\\Armughan1\\wp-content\\plugins\\All-In-One-WP-Migration-With-Import-master\\lib\\vendor\\servmask\\filter\\class-ai1wm-recursive-newline-filter.php","line":28}

Oct 31 2023 07:34:09
{"Number":8192,"Message":"Creation of dynamic property Ai1wm_Database_Mysqli::$old_replace_raw_values is deprecated","File":"C:\\xampp\\htdocs\\Armughan1\\wp-content\\plugins\\All-In-One-WP-Migration-With-Import-master\\lib\\vendor\\servmask\\database\\class-ai1wm-database.php","Line":300}

Oct 31 2023 07:34:09
{"Number":8192,"Message":"Creation of dynamic property Ai1wm_Database_Mysqli::$new_replace_raw_values is deprecated","File":"C:\\xampp\\htdocs\\Armughan1\\wp-content\\plugins\\All-In-One-WP-Migration-With-Import-master\\lib\\vendor\\servmask\\database\\class-ai1wm-database.php","Line":321}

Oct 31 2023 07:34:12
{"type":8192,"message":"Return type of Ai1wm_Recursive_Newline_Filter::accept() should either be compatible with FilterIterator::accept(): bool, or the #[\\ReturnTypeWillChange] attribute should be used to temporarily suppress the notice","file":"C:\\xampp\\htdocs\\Armughan1\\wp-content\\plugins\\All-In-One-WP-Migration-With-Import-master\\lib\\vendor\\servmask\\filter\\class-ai1wm-recursive-newline-filter.php","line":28}

Oct 31 2023 07:34:12
{"type":8192,"message":"Return type of Ai1wm_Recursive_Newline_Filter::accept() should either be compatible with FilterIterator::accept(): bool, or the #[\\ReturnTypeWillChange] attribute should be used to temporarily suppress the notice","file":"C:\\xampp\\htdocs\\Armughan1\\wp-content\\plugins\\All-In-One-WP-Migration-With-Import-master\\lib\\vendor\\servmask\\filter\\class-ai1wm-recursive-newline-filter.php","line":28}

Oct 31 2023 07:34:15
{"type":8192,"message":"Using ${var} in strings is deprecated, use {$var} instead","file":"C:\\xampp\\htdocs\\Armughan1\\wp-content\\plugins\\elementor-pro\\core\\editor\\editor.php","line":129}

Oct 31 2023 07:46:56
{"type":8192,"message":"Creation of dynamic property WF_Licensing::$plugin_page is deprecated","file":"C:\\xampp\\htdocs\\Armughan1\\wp-content\\plugins\\wp-reset\\wp-reset-licensing.php","line":40}

Oct 31 2023 07:46:57
{"type":8192,"message":"Creation of dynamic property WF_Licensing::$plugin_page is deprecated","file":"C:\\xampp\\htdocs\\Armughan1\\wp-content\\plugins\\wp-reset\\wp-reset-licensing.php","line":40}

Oct 31 2023 07:46:57
{"type":8192,"message":"Creation of dynamic property WF_Licensing::$plugin_page is deprecated","file":"C:\\xampp\\htdocs\\Armughan1\\wp-content\\plugins\\wp-reset\\wp-reset-licensing.php","line":40}

Oct 31 2023 07:46:58
{"type":8192,"message":"Creation of dynamic property WF_Licensing::$plugin_page is deprecated","file":"C:\\xampp\\htdocs\\Armughan1\\wp-content\\plugins\\wp-reset\\wp-reset-licensing.php","line":40}

Oct 31 2023 07:46:58
{"type":8192,"message":"Creation of dynamic property WF_Licensing::$plugin_page is deprecated","file":"C:\\xampp\\htdocs\\Armughan1\\wp-content\\plugins\\wp-reset\\wp-reset-licensing.php","line":40}

Oct 31 2023 07:46:59
{"type":8192,"message":"Creation of dynamic property WF_Licensing::$plugin_page is deprecated","file":"C:\\xampp\\htdocs\\Armughan1\\wp-content\\plugins\\wp-reset\\wp-reset-licensing.php","line":40}

Oct 31 2023 07:47:00
{"type":8192,"message":"Creation of dynamic property WF_Licensing::$plugin_page is deprecated","file":"C:\\xampp\\htdocs\\Armughan1\\wp-content\\plugins\\wp-reset\\wp-reset-licensing.php","line":40}

Oct 31 2023 07:47:00
{"type":8192,"message":"Creation of dynamic property WF_Licensing::$plugin_page is deprecated","file":"C:\\xampp\\htdocs\\Armughan1\\wp-content\\plugins\\wp-reset\\wp-reset-licensing.php","line":40}

Oct 31 2023 07:47:01
{"type":8192,"message":"Creation of dynamic property WF_Licensing::$plugin_page is deprecated","file":"C:\\xampp\\htdocs\\Armughan1\\wp-content\\plugins\\wp-reset\\wp-reset-licensing.php","line":40}

Oct 31 2023 07:47:02
{"type":8192,"message":"Creation of dynamic property WF_Licensing::$plugin_page is deprecated","file":"C:\\xampp\\htdocs\\Armughan1\\wp-content\\plugins\\wp-reset\\wp-reset-licensing.php","line":40}

Oct 31 2023 07:47:02
{"type":8192,"message":"Creation of dynamic property WF_Licensing::$plugin_page is deprecated","file":"C:\\xampp\\htdocs\\Armughan1\\wp-content\\plugins\\wp-reset\\wp-reset-licensing.php","line":40}

Oct 31 2023 07:47:03
{"type":8192,"message":"Creation of dynamic property WF_Licensing::$plugin_page is deprecated","file":"C:\\xampp\\htdocs\\Armughan1\\wp-content\\plugins\\wp-reset\\wp-reset-licensing.php","line":40}

Oct 31 2023 07:47:03
{"type":8192,"message":"Creation of dynamic property WF_Licensing::$plugin_page is deprecated","file":"C:\\xampp\\htdocs\\Armughan1\\wp-content\\plugins\\wp-reset\\wp-reset-licensing.php","line":40}

Oct 31 2023 07:47:04
{"type":8192,"message":"Creation of dynamic property WF_Licensing::$plugin_page is deprecated","file":"C:\\xampp\\htdocs\\Armughan1\\wp-content\\plugins\\wp-reset\\wp-reset-licensing.php","line":40}

Oct 31 2023 07:47:06
{"type":8192,"message":"Creation of dynamic property WF_Licensing::$plugin_page is deprecated","file":"C:\\xampp\\htdocs\\Armughan1\\wp-content\\plugins\\wp-reset\\wp-reset-licensing.php","line":40}

Oct 31 2023 07:47:07
{"type":8192,"message":"Creation of dynamic property WF_Licensing::$plugin_page is deprecated","file":"C:\\xampp\\htdocs\\Armughan1\\wp-content\\plugins\\wp-reset\\wp-reset-licensing.php","line":40}

Oct 31 2023 07:47:07
{"type":8192,"message":"Creation of dynamic property WF_Licensing::$plugin_page is deprecated","file":"C:\\xampp\\htdocs\\Armughan1\\wp-content\\plugins\\wp-reset\\wp-reset-licensing.php","line":40}

Oct 31 2023 07:47:08
{"type":8192,"message":"Creation of dynamic property WF_Licensing::$plugin_page is deprecated","file":"C:\\xampp\\htdocs\\Armughan1\\wp-content\\plugins\\wp-reset\\wp-reset-licensing.php","line":40}

Oct 31 2023 07:47:08
{"type":8192,"message":"Creation of dynamic property WF_Licensing::$plugin_page is deprecated","file":"C:\\xampp\\htdocs\\Armughan1\\wp-content\\plugins\\wp-reset\\wp-reset-licensing.php","line":40}

Oct 31 2023 07:47:09
{"type":8192,"message":"Creation of dynamic property WF_Licensing::$plugin_page is deprecated","file":"C:\\xampp\\htdocs\\Armughan1\\wp-content\\plugins\\wp-reset\\wp-reset-licensing.php","line":40}

Oct 31 2023 07:47:10
{"type":8192,"message":"Creation of dynamic property WF_Licensing::$plugin_page is deprecated","file":"C:\\xampp\\htdocs\\Armughan1\\wp-content\\plugins\\wp-reset\\wp-reset-licensing.php","line":40}

Oct 31 2023 07:47:10
{"type":8192,"message":"Creation of dynamic property WF_Licensing::$plugin_page is deprecated","file":"C:\\xampp\\htdocs\\Armughan1\\wp-content\\plugins\\wp-reset\\wp-reset-licensing.php","line":40}

Oct 31 2023 07:47:11
{"type":8192,"message":"Creation of dynamic property WF_Licensing::$plugin_page is deprecated","file":"C:\\xampp\\htdocs\\Armughan1\\wp-content\\plugins\\wp-reset\\wp-reset-licensing.php","line":40}

Oct 31 2023 07:47:11
{"type":8192,"message":"Creation of dynamic property WF_Licensing::$plugin_page is deprecated","file":"C:\\xampp\\htdocs\\Armughan1\\wp-content\\plugins\\wp-reset\\wp-reset-licensing.php","line":40}

Oct 31 2023 07:47:12
{"type":8192,"message":"Creation of dynamic property WF_Licensing::$plugin_page is deprecated","file":"C:\\xampp\\htdocs\\Armughan1\\wp-content\\plugins\\wp-reset\\wp-reset-licensing.php","line":40}

Oct 31 2023 07:47:12
{"type":8192,"message":"Creation of dynamic property WF_Licensing::$plugin_page is deprecated","file":"C:\\xampp\\htdocs\\Armughan1\\wp-content\\plugins\\wp-reset\\wp-reset-licensing.php","line":40}

Oct 31 2023 07:47:13
{"type":8192,"message":"Creation of dynamic property WF_Licensing::$plugin_page is deprecated","file":"C:\\xampp\\htdocs\\Armughan1\\wp-content\\plugins\\wp-reset\\wp-reset-licensing.php","line":40}

Oct 31 2023 07:47:14
{"type":8192,"message":"Creation of dynamic property WF_Licensing::$plugin_page is deprecated","file":"C:\\xampp\\htdocs\\Armughan1\\wp-content\\plugins\\wp-reset\\wp-reset-licensing.php","line":40}

Oct 31 2023 07:47:14
{"type":8192,"message":"Creation of dynamic property WF_Licensing::$plugin_page is deprecated","file":"C:\\xampp\\htdocs\\Armughan1\\wp-content\\plugins\\wp-reset\\wp-reset-licensing.php","line":40}

Oct 31 2023 07:47:15
{"type":8192,"message":"Creation of dynamic property WF_Licensing::$plugin_page is deprecated","file":"C:\\xampp\\htdocs\\Armughan1\\wp-content\\plugins\\wp-reset\\wp-reset-licensing.php","line":40}

Oct 31 2023 07:47:15
{"type":8192,"message":"Creation of dynamic property WF_Licensing::$plugin_page is deprecated","file":"C:\\xampp\\htdocs\\Armughan1\\wp-content\\plugins\\wp-reset\\wp-reset-licensing.php","line":40}

Oct 31 2023 07:47:16
{"type":8192,"message":"Creation of dynamic property WF_Licensing::$plugin_page is deprecated","file":"C:\\xampp\\htdocs\\Armughan1\\wp-content\\plugins\\wp-reset\\wp-reset-licensing.php","line":40}

Oct 31 2023 07:47:16
{"type":8192,"message":"Creation of dynamic property WF_Licensing::$plugin_page is deprecated","file":"C:\\xampp\\htdocs\\Armughan1\\wp-content\\plugins\\wp-reset\\wp-reset-licensing.php","line":40}

Oct 31 2023 07:47:17
{"type":8192,"message":"Creation of dynamic property WF_Licensing::$plugin_page is deprecated","file":"C:\\xampp\\htdocs\\Armughan1\\wp-content\\plugins\\wp-reset\\wp-reset-licensing.php","line":40}

Oct 31 2023 07:47:18
{"type":8192,"message":"Creation of dynamic property WF_Licensing::$plugin_page is deprecated","file":"C:\\xampp\\htdocs\\Armughan1\\wp-content\\plugins\\wp-reset\\wp-reset-licensing.php","line":40}

Oct 31 2023 07:47:18
{"type":8192,"message":"Creation of dynamic property WF_Licensing::$plugin_page is deprecated","file":"C:\\xampp\\htdocs\\Armughan1\\wp-content\\plugins\\wp-reset\\wp-reset-licensing.php","line":40}

Oct 31 2023 07:47:19
{"type":8192,"message":"Creation of dynamic property WF_Licensing::$plugin_page is deprecated","file":"C:\\xampp\\htdocs\\Armughan1\\wp-content\\plugins\\wp-reset\\wp-reset-licensing.php","line":40}

Oct 31 2023 07:47:19
{"type":8192,"message":"Creation of dynamic property WF_Licensing::$plugin_page is deprecated","file":"C:\\xampp\\htdocs\\Armughan1\\wp-content\\plugins\\wp-reset\\wp-reset-licensing.php","line":40}

Oct 31 2023 07:47:20
{"type":8192,"message":"Creation of dynamic property WF_Licensing::$plugin_page is deprecated","file":"C:\\xampp\\htdocs\\Armughan1\\wp-content\\plugins\\wp-reset\\wp-reset-licensing.php","line":40}

Oct 31 2023 07:47:20
{"type":8192,"message":"Creation of dynamic property WF_Licensing::$plugin_page is deprecated","file":"C:\\xampp\\htdocs\\Armughan1\\wp-content\\plugins\\wp-reset\\wp-reset-licensing.php","line":40}

Oct 31 2023 07:47:21
{"type":8192,"message":"Creation of dynamic property WF_Licensing::$plugin_page is deprecated","file":"C:\\xampp\\htdocs\\Armughan1\\wp-content\\plugins\\wp-reset\\wp-reset-licensing.php","line":40}

Oct 31 2023 07:47:21
{"type":8192,"message":"Creation of dynamic property WF_Licensing::$plugin_page is deprecated","file":"C:\\xampp\\htdocs\\Armughan1\\wp-content\\plugins\\wp-reset\\wp-reset-licensing.php","line":40}

Oct 31 2023 07:47:22
{"type":8192,"message":"Creation of dynamic property WF_Licensing::$plugin_page is deprecated","file":"C:\\xampp\\htdocs\\Armughan1\\wp-content\\plugins\\wp-reset\\wp-reset-licensing.php","line":40}

Oct 31 2023 07:47:23
{"type":8192,"message":"Creation of dynamic property WF_Licensing::$plugin_page is deprecated","file":"C:\\xampp\\htdocs\\Armughan1\\wp-content\\plugins\\wp-reset\\wp-reset-licensing.php","line":40}

Oct 31 2023 07:47:23
{"type":8192,"message":"Creation of dynamic property WF_Licensing::$plugin_page is deprecated","file":"C:\\xampp\\htdocs\\Armughan1\\wp-content\\plugins\\wp-reset\\wp-reset-licensing.php","line":40}

Oct 31 2023 07:47:24
{"type":8192,"message":"Creation of dynamic property WF_Licensing::$plugin_page is deprecated","file":"C:\\xampp\\htdocs\\Armughan1\\wp-content\\plugins\\wp-reset\\wp-reset-licensing.php","line":40}

Oct 31 2023 07:47:25
{"type":8192,"message":"Creation of dynamic property WF_Licensing::$plugin_page is deprecated","file":"C:\\xampp\\htdocs\\Armughan1\\wp-content\\plugins\\wp-reset\\wp-reset-licensing.php","line":40}

Oct 31 2023 07:47:25
{"type":8192,"message":"Creation of dynamic property WF_Licensing::$plugin_page is deprecated","file":"C:\\xampp\\htdocs\\Armughan1\\wp-content\\plugins\\wp-reset\\wp-reset-licensing.php","line":40}

Oct 31 2023 07:47:26
{"type":8192,"message":"Creation of dynamic property WF_Licensing::$plugin_page is deprecated","file":"C:\\xampp\\htdocs\\Armughan1\\wp-content\\plugins\\wp-reset\\wp-reset-licensing.php","line":40}

Oct 31 2023 07:47:26
{"type":8192,"message":"Creation of dynamic property WF_Licensing::$plugin_page is deprecated","file":"C:\\xampp\\htdocs\\Armughan1\\wp-content\\plugins\\wp-reset\\wp-reset-licensing.php","line":40}

Oct 31 2023 07:47:27
{"type":8192,"message":"Creation of dynamic property WF_Licensing::$plugin_page is deprecated","file":"C:\\xampp\\htdocs\\Armughan1\\wp-content\\plugins\\wp-reset\\wp-reset-licensing.php","line":40}

Oct 31 2023 07:47:28
{"type":8192,"message":"Creation of dynamic property WF_Licensing::$plugin_page is deprecated","file":"C:\\xampp\\htdocs\\Armughan1\\wp-content\\plugins\\wp-reset\\wp-reset-licensing.php","line":40}

Oct 31 2023 07:47:29
{"type":8192,"message":"Creation of dynamic property WF_Licensing::$plugin_page is deprecated","file":"C:\\xampp\\htdocs\\Armughan1\\wp-content\\plugins\\wp-reset\\wp-reset-licensing.php","line":40}

Oct 31 2023 07:47:29
{"type":8192,"message":"Creation of dynamic property WF_Licensing::$plugin_page is deprecated","file":"C:\\xampp\\htdocs\\Armughan1\\wp-content\\plugins\\wp-reset\\wp-reset-licensing.php","line":40}

Oct 31 2023 07:47:30
{"type":8192,"message":"Creation of dynamic property WF_Licensing::$plugin_page is deprecated","file":"C:\\xampp\\htdocs\\Armughan1\\wp-content\\plugins\\wp-reset\\wp-reset-licensing.php","line":40}

Oct 31 2023 07:47:31
{"type":8192,"message":"Creation of dynamic property WF_Licensing::$plugin_page is deprecated","file":"C:\\xampp\\htdocs\\Armughan1\\wp-content\\plugins\\wp-reset\\wp-reset-licensing.php","line":40}

Oct 31 2023 07:47:32
{"type":8192,"message":"Creation of dynamic property WF_Licensing::$plugin_page is deprecated","file":"C:\\xampp\\htdocs\\Armughan1\\wp-content\\plugins\\wp-reset\\wp-reset-licensing.php","line":40}

Oct 31 2023 07:47:37
{"type":8192,"message":"Creation of dynamic property WF_Licensing::$plugin_page is deprecated","file":"C:\\xampp\\htdocs\\Armughan1\\wp-content\\plugins\\wp-reset\\wp-reset-licensing.php","line":40}

Oct 31 2023 07:47:37
{"type":8192,"message":"Creation of dynamic property WF_Licensing::$plugin_page is deprecated","file":"C:\\xampp\\htdocs\\Armughan1\\wp-content\\plugins\\wp-reset\\wp-reset-licensing.php","line":40}

Oct 31 2023 07:47:38
{"type":8192,"message":"Creation of dynamic property WF_Licensing::$plugin_page is deprecated","file":"C:\\xampp\\htdocs\\Armughan1\\wp-content\\plugins\\wp-reset\\wp-reset-licensing.php","line":40}

Oct 31 2023 07:47:38
{"type":8192,"message":"Creation of dynamic property WF_Licensing::$plugin_page is deprecated","file":"C:\\xampp\\htdocs\\Armughan1\\wp-content\\plugins\\wp-reset\\wp-reset-licensing.php","line":40}

Oct 31 2023 07:47:46
{"type":8192,"message":"Creation of dynamic property WF_Licensing::$plugin_page is deprecated","file":"C:\\xampp\\htdocs\\Armughan1\\wp-content\\plugins\\wp-reset\\wp-reset-licensing.php","line":40}

Oct 31 2023 07:47:47
{"type":8192,"message":"Creation of dynamic property WF_Licensing::$plugin_page is deprecated","file":"C:\\xampp\\htdocs\\Armughan1\\wp-content\\plugins\\wp-reset\\wp-reset-licensing.php","line":40}

Oct 31 2023 07:47:47
{"type":8192,"message":"Creation of dynamic property WF_Licensing::$plugin_page is deprecated","file":"C:\\xampp\\htdocs\\Armughan1\\wp-content\\plugins\\wp-reset\\wp-reset-licensing.php","line":40}

Oct 31 2023 07:47:48
{"type":8192,"message":"Creation of dynamic property WF_Licensing::$plugin_page is deprecated","file":"C:\\xampp\\htdocs\\Armughan1\\wp-content\\plugins\\wp-reset\\wp-reset-licensing.php","line":40}

Oct 31 2023 07:47:48
{"type":8192,"message":"Creation of dynamic property WF_Licensing::$plugin_page is deprecated","file":"C:\\xampp\\htdocs\\Armughan1\\wp-content\\plugins\\wp-reset\\wp-reset-licensing.php","line":40}

Oct 31 2023 07:47:49
{"type":8192,"message":"Creation of dynamic property WF_Licensing::$plugin_page is deprecated","file":"C:\\xampp\\htdocs\\Armughan1\\wp-content\\plugins\\wp-reset\\wp-reset-licensing.php","line":40}

Oct 31 2023 07:47:49
{"type":8192,"message":"Creation of dynamic property WF_Licensing::$plugin_page is deprecated","file":"C:\\xampp\\htdocs\\Armughan1\\wp-content\\plugins\\wp-reset\\wp-reset-licensing.php","line":40}

Oct 31 2023 07:47:50
{"type":8192,"message":"Creation of dynamic property WF_Licensing::$plugin_page is deprecated","file":"C:\\xampp\\htdocs\\Armughan1\\wp-content\\plugins\\wp-reset\\wp-reset-licensing.php","line":40}

Oct 31 2023 07:47:51
{"type":8192,"message":"Creation of dynamic property WF_Licensing::$plugin_page is deprecated","file":"C:\\xampp\\htdocs\\Armughan1\\wp-content\\plugins\\wp-reset\\wp-reset-licensing.php","line":40}

Oct 31 2023 07:47:55
{"type":8192,"message":"Creation of dynamic property WF_Licensing::$plugin_page is deprecated","file":"C:\\xampp\\htdocs\\Armughan1\\wp-content\\plugins\\wp-reset\\wp-reset-licensing.php","line":40}

Oct 31 2023 07:47:55
{"type":8192,"message":"Creation of dynamic property WF_Licensing::$plugin_page is deprecated","file":"C:\\xampp\\htdocs\\Armughan1\\wp-content\\plugins\\wp-reset\\wp-reset-licensing.php","line":40}

Oct 31 2023 07:47:56
{"type":8192,"message":"Creation of dynamic property WF_Licensing::$plugin_page is deprecated","file":"C:\\xampp\\htdocs\\Armughan1\\wp-content\\plugins\\wp-reset\\wp-reset-licensing.php","line":40}

Oct 31 2023 07:47:56
{"type":8192,"message":"Creation of dynamic property WF_Licensing::$plugin_page is deprecated","file":"C:\\xampp\\htdocs\\Armughan1\\wp-content\\plugins\\wp-reset\\wp-reset-licensing.php","line":40}

Oct 31 2023 07:47:57
{"type":8192,"message":"Creation of dynamic property WF_Licensing::$plugin_page is deprecated","file":"C:\\xampp\\htdocs\\Armughan1\\wp-content\\plugins\\wp-reset\\wp-reset-licensing.php","line":40}

Oct 31 2023 07:47:57
{"type":8192,"message":"Creation of dynamic property WF_Licensing::$plugin_page is deprecated","file":"C:\\xampp\\htdocs\\Armughan1\\wp-content\\plugins\\wp-reset\\wp-reset-licensing.php","line":40}

Oct 31 2023 07:47:58
{"type":8192,"message":"Creation of dynamic property WF_Licensing::$plugin_page is deprecated","file":"C:\\xampp\\htdocs\\Armughan1\\wp-content\\plugins\\wp-reset\\wp-reset-licensing.php","line":40}

Oct 31 2023 07:47:59
{"type":8192,"message":"Creation of dynamic property WF_Licensing::$plugin_page is deprecated","file":"C:\\xampp\\htdocs\\Armughan1\\wp-content\\plugins\\wp-reset\\wp-reset-licensing.php","line":40}

Oct 31 2023 07:47:59
{"type":8192,"message":"Creation of dynamic property WF_Licensing::$plugin_page is deprecated","file":"C:\\xampp\\htdocs\\Armughan1\\wp-content\\plugins\\wp-reset\\wp-reset-licensing.php","line":40}

Oct 31 2023 07:48:00
{"type":8192,"message":"Creation of dynamic property WF_Licensing::$plugin_page is deprecated","file":"C:\\xampp\\htdocs\\Armughan1\\wp-content\\plugins\\wp-reset\\wp-reset-licensing.php","line":40}

Oct 31 2023 07:48:02
{"type":8192,"message":"Creation of dynamic property WF_Licensing::$plugin_page is deprecated","file":"C:\\xampp\\htdocs\\Armughan1\\wp-content\\plugins\\wp-reset\\wp-reset-licensing.php","line":40}

Oct 31 2023 07:48:03
{"type":8192,"message":"Creation of dynamic property WF_Licensing::$plugin_page is deprecated","file":"C:\\xampp\\htdocs\\Armughan1\\wp-content\\plugins\\wp-reset\\wp-reset-licensing.php","line":40}

Oct 31 2023 07:48:03
{"type":8192,"message":"Creation of dynamic property WF_Licensing::$plugin_page is deprecated","file":"C:\\xampp\\htdocs\\Armughan1\\wp-content\\plugins\\wp-reset\\wp-reset-licensing.php","line":40}

Oct 31 2023 07:48:04
{"type":8192,"message":"Creation of dynamic property WF_Licensing::$plugin_page is deprecated","file":"C:\\xampp\\htdocs\\Armughan1\\wp-content\\plugins\\wp-reset\\wp-reset-licensing.php","line":40}

Oct 31 2023 07:48:04
{"type":8192,"message":"Creation of dynamic property WF_Licensing::$plugin_page is deprecated","file":"C:\\xampp\\htdocs\\Armughan1\\wp-content\\plugins\\wp-reset\\wp-reset-licensing.php","line":40}

Oct 31 2023 07:48:05
{"type":8192,"message":"Creation of dynamic property WF_Licensing::$plugin_page is deprecated","file":"C:\\xampp\\htdocs\\Armughan1\\wp-content\\plugins\\wp-reset\\wp-reset-licensing.php","line":40}

Oct 31 2023 07:48:05
{"type":8192,"message":"Creation of dynamic property WF_Licensing::$plugin_page is deprecated","file":"C:\\xampp\\htdocs\\Armughan1\\wp-content\\plugins\\wp-reset\\wp-reset-licensing.php","line":40}

Oct 31 2023 07:48:06
{"type":8192,"message":"Creation of dynamic property WF_Licensing::$plugin_page is deprecated","file":"C:\\xampp\\htdocs\\Armughan1\\wp-content\\plugins\\wp-reset\\wp-reset-licensing.php","line":40}

Oct 31 2023 07:48:06
{"type":8192,"message":"Creation of dynamic property WF_Licensing::$plugin_page is deprecated","file":"C:\\xampp\\htdocs\\Armughan1\\wp-content\\plugins\\wp-reset\\wp-reset-licensing.php","line":40}

Oct 31 2023 07:48:07
{"type":8192,"message":"Creation of dynamic property WF_Licensing::$plugin_page is deprecated","file":"C:\\xampp\\htdocs\\Armughan1\\wp-content\\plugins\\wp-reset\\wp-reset-licensing.php","line":40}

Oct 31 2023 07:48:08
{"type":8192,"message":"Creation of dynamic property WF_Licensing::$plugin_page is deprecated","file":"C:\\xampp\\htdocs\\Armughan1\\wp-content\\plugins\\wp-reset\\wp-reset-licensing.php","line":40}

Oct 31 2023 07:48:08
{"type":8192,"message":"Creation of dynamic property WF_Licensing::$plugin_page is deprecated","file":"C:\\xampp\\htdocs\\Armughan1\\wp-content\\plugins\\wp-reset\\wp-reset-licensing.php","line":40}

Oct 31 2023 07:48:09
{"type":8192,"message":"Creation of dynamic property WF_Licensing::$plugin_page is deprecated","file":"C:\\xampp\\htdocs\\Armughan1\\wp-content\\plugins\\wp-reset\\wp-reset-licensing.php","line":40}

Oct 31 2023 07:48:09
{"type":8192,"message":"Creation of dynamic property WF_Licensing::$plugin_page is deprecated","file":"C:\\xampp\\htdocs\\Armughan1\\wp-content\\plugins\\wp-reset\\wp-reset-licensing.php","line":40}

Oct 31 2023 07:48:10
{"type":8192,"message":"Creation of dynamic property WF_Licensing::$plugin_page is deprecated","file":"C:\\xampp\\htdocs\\Armughan1\\wp-content\\plugins\\wp-reset\\wp-reset-licensing.php","line":40}

Oct 31 2023 07:48:10
{"type":8192,"message":"Creation of dynamic property WF_Licensing::$plugin_page is deprecated","file":"C:\\xampp\\htdocs\\Armughan1\\wp-content\\plugins\\wp-reset\\wp-reset-licensing.php","line":40}

Oct 31 2023 07:48:11
{"type":8192,"message":"Creation of dynamic property WF_Licensing::$plugin_page is deprecated","file":"C:\\xampp\\htdocs\\Armughan1\\wp-content\\plugins\\wp-reset\\wp-reset-licensing.php","line":40}

Oct 31 2023 07:48:12
{"type":8192,"message":"Creation of dynamic property WF_Licensing::$plugin_page is deprecated","file":"C:\\xampp\\htdocs\\Armughan1\\wp-content\\plugins\\wp-reset\\wp-reset-licensing.php","line":40}

Oct 31 2023 07:48:12
{"type":8192,"message":"Creation of dynamic property WF_Licensing::$plugin_page is deprecated","file":"C:\\xampp\\htdocs\\Armughan1\\wp-content\\plugins\\wp-reset\\wp-reset-licensing.php","line":40}

Oct 31 2023 07:48:13
{"type":8192,"message":"Creation of dynamic property WF_Licensing::$plugin_page is deprecated","file":"C:\\xampp\\htdocs\\Armughan1\\wp-content\\plugins\\wp-reset\\wp-reset-licensing.php","line":40}

Oct 31 2023 07:48:13
{"type":8192,"message":"Creation of dynamic property WF_Licensing::$plugin_page is deprecated","file":"C:\\xampp\\htdocs\\Armughan1\\wp-content\\plugins\\wp-reset\\wp-reset-licensing.php","line":40}

Oct 31 2023 07:48:14
{"type":8192,"message":"Creation of dynamic property WF_Licensing::$plugin_page is deprecated","file":"C:\\xampp\\htdocs\\Armughan1\\wp-content\\plugins\\wp-reset\\wp-reset-licensing.php","line":40}

Oct 31 2023 07:48:14
{"type":8192,"message":"Creation of dynamic property WF_Licensing::$plugin_page is deprecated","file":"C:\\xampp\\htdocs\\Armughan1\\wp-content\\plugins\\wp-reset\\wp-reset-licensing.php","line":40}

Oct 31 2023 07:48:15
{"type":8192,"message":"Creation of dynamic property WF_Licensing::$plugin_page is deprecated","file":"C:\\xampp\\htdocs\\Armughan1\\wp-content\\plugins\\wp-reset\\wp-reset-licensing.php","line":40}

Oct 31 2023 07:48:15
{"type":8192,"message":"Creation of dynamic property WF_Licensing::$plugin_page is deprecated","file":"C:\\xampp\\htdocs\\Armughan1\\wp-content\\plugins\\wp-reset\\wp-reset-licensing.php","line":40}

Oct 31 2023 07:48:16
{"type":8192,"message":"Creation of dynamic property WF_Licensing::$plugin_page is deprecated","file":"C:\\xampp\\htdocs\\Armughan1\\wp-content\\plugins\\wp-reset\\wp-reset-licensing.php","line":40}

Oct 31 2023 07:48:17
{"type":8192,"message":"Creation of dynamic property WF_Licensing::$plugin_page is deprecated","file":"C:\\xampp\\htdocs\\Armughan1\\wp-content\\plugins\\wp-reset\\wp-reset-licensing.php","line":40}

Oct 31 2023 07:48:18
{"type":8192,"message":"Creation of dynamic property WF_Licensing::$plugin_page is deprecated","file":"C:\\xampp\\htdocs\\Armughan1\\wp-content\\plugins\\wp-reset\\wp-reset-licensing.php","line":40}

Oct 31 2023 07:48:18
{"type":8192,"message":"Creation of dynamic property WF_Licensing::$plugin_page is deprecated","file":"C:\\xampp\\htdocs\\Armughan1\\wp-content\\plugins\\wp-reset\\wp-reset-licensing.php","line":40}

Oct 31 2023 07:48:19
{"type":8192,"message":"Creation of dynamic property WF_Licensing::$plugin_page is deprecated","file":"C:\\xampp\\htdocs\\Armughan1\\wp-content\\plugins\\wp-reset\\wp-reset-licensing.php","line":40}

Oct 31 2023 07:48:19
{"type":8192,"message":"Creation of dynamic property WF_Licensing::$plugin_page is deprecated","file":"C:\\xampp\\htdocs\\Armughan1\\wp-content\\plugins\\wp-reset\\wp-reset-licensing.php","line":40}

Oct 31 2023 07:48:20
{"type":8192,"message":"Creation of dynamic property WF_Licensing::$plugin_page is deprecated","file":"C:\\xampp\\htdocs\\Armughan1\\wp-content\\plugins\\wp-reset\\wp-reset-licensing.php","line":40}

Oct 31 2023 07:48:21
{"type":8192,"message":"Creation of dynamic property WF_Licensing::$plugin_page is deprecated","file":"C:\\xampp\\htdocs\\Armughan1\\wp-content\\plugins\\wp-reset\\wp-reset-licensing.php","line":40}

Oct 31 2023 07:48:23
{"type":8192,"message":"Creation of dynamic property WF_Licensing::$plugin_page is deprecated","file":"C:\\xampp\\htdocs\\Armughan1\\wp-content\\plugins\\wp-reset\\wp-reset-licensing.php","line":40}

Oct 31 2023 07:48:24
{"type":8192,"message":"Creation of dynamic property WF_Licensing::$plugin_page is deprecated","file":"C:\\xampp\\htdocs\\Armughan1\\wp-content\\plugins\\wp-reset\\wp-reset-licensing.php","line":40}

Oct 31 2023 07:48:27
{"type":8192,"message":"Creation of dynamic property WF_Licensing::$plugin_page is deprecated","file":"C:\\xampp\\htdocs\\Armughan1\\wp-content\\plugins\\wp-reset\\wp-reset-licensing.php","line":40}

Oct 31 2023 07:48:32
{"type":8192,"message":"Creation of dynamic property WF_Licensing::$plugin_page is deprecated","file":"C:\\xampp\\htdocs\\Armughan1\\wp-content\\plugins\\wp-reset\\wp-reset-licensing.php","line":40}

Oct 31 2023 07:48:34
{"type":8192,"message":"Creation of dynamic property WF_Licensing::$plugin_page is deprecated","file":"C:\\xampp\\htdocs\\Armughan1\\wp-content\\plugins\\wp-reset\\wp-reset-licensing.php","line":40}

Oct 31 2023 07:48:35
{"type":8192,"message":"Creation of dynamic property WF_Licensing::$plugin_page is deprecated","file":"C:\\xampp\\htdocs\\Armughan1\\wp-content\\plugins\\wp-reset\\wp-reset-licensing.php","line":40}

Oct 31 2023 07:48:35
{"type":8192,"message":"Creation of dynamic property WF_Licensing::$plugin_page is deprecated","file":"C:\\xampp\\htdocs\\Armughan1\\wp-content\\plugins\\wp-reset\\wp-reset-licensing.php","line":40}

Oct 31 2023 07:48:36
{"type":8192,"message":"Creation of dynamic property WF_Licensing::$plugin_page is deprecated","file":"C:\\xampp\\htdocs\\Armughan1\\wp-content\\plugins\\wp-reset\\wp-reset-licensing.php","line":40}

Oct 31 2023 07:48:36
{"type":8192,"message":"Creation of dynamic property WF_Licensing::$plugin_page is deprecated","file":"C:\\xampp\\htdocs\\Armughan1\\wp-content\\plugins\\wp-reset\\wp-reset-licensing.php","line":40}

Oct 31 2023 07:48:37
{"type":8192,"message":"Creation of dynamic property WF_Licensing::$plugin_page is deprecated","file":"C:\\xampp\\htdocs\\Armughan1\\wp-content\\plugins\\wp-reset\\wp-reset-licensing.php","line":40}

Oct 31 2023 07:48:38
{"type":8192,"message":"Creation of dynamic property WF_Licensing::$plugin_page is deprecated","file":"C:\\xampp\\htdocs\\Armughan1\\wp-content\\plugins\\wp-reset\\wp-reset-licensing.php","line":40}

Oct 31 2023 07:48:38
{"type":8192,"message":"Creation of dynamic property WF_Licensing::$plugin_page is deprecated","file":"C:\\xampp\\htdocs\\Armughan1\\wp-content\\plugins\\wp-reset\\wp-reset-licensing.php","line":40}

Oct 31 2023 07:48:39
{"type":8192,"message":"Creation of dynamic property WF_Licensing::$plugin_page is deprecated","file":"C:\\xampp\\htdocs\\Armughan1\\wp-content\\plugins\\wp-reset\\wp-reset-licensing.php","line":40}

Oct 31 2023 07:48:39
{"type":8192,"message":"Creation of dynamic property WF_Licensing::$plugin_page is deprecated","file":"C:\\xampp\\htdocs\\Armughan1\\wp-content\\plugins\\wp-reset\\wp-reset-licensing.php","line":40}

Oct 31 2023 07:48:40
{"type":8192,"message":"Creation of dynamic property WF_Licensing::$plugin_page is deprecated","file":"C:\\xampp\\htdocs\\Armughan1\\wp-content\\plugins\\wp-reset\\wp-reset-licensing.php","line":40}

Oct 31 2023 07:48:41
{"type":8192,"message":"Creation of dynamic property WF_Licensing::$plugin_page is deprecated","file":"C:\\xampp\\htdocs\\Armughan1\\wp-content\\plugins\\wp-reset\\wp-reset-licensing.php","line":40}

Oct 31 2023 07:48:41
{"type":8192,"message":"Creation of dynamic property WF_Licensing::$plugin_page is deprecated","file":"C:\\xampp\\htdocs\\Armughan1\\wp-content\\plugins\\wp-reset\\wp-reset-licensing.php","line":40}

Oct 31 2023 07:48:42
{"type":8192,"message":"Creation of dynamic property WF_Licensing::$plugin_page is deprecated","file":"C:\\xampp\\htdocs\\Armughan1\\wp-content\\plugins\\wp-reset\\wp-reset-licensing.php","line":40}

Oct 31 2023 07:48:42
{"type":8192,"message":"Creation of dynamic property WF_Licensing::$plugin_page is deprecated","file":"C:\\xampp\\htdocs\\Armughan1\\wp-content\\plugins\\wp-reset\\wp-reset-licensing.php","line":40}

Oct 31 2023 07:48:43
{"type":8192,"message":"Creation of dynamic property WF_Licensing::$plugin_page is deprecated","file":"C:\\xampp\\htdocs\\Armughan1\\wp-content\\plugins\\wp-reset\\wp-reset-licensing.php","line":40}

Oct 31 2023 07:48:47
{"type":8192,"message":"Creation of dynamic property WF_Licensing::$plugin_page is deprecated","file":"C:\\xampp\\htdocs\\Armughan1\\wp-content\\plugins\\wp-reset\\wp-reset-licensing.php","line":40}

Oct 31 2023 07:48:47
{"type":8192,"message":"Creation of dynamic property WF_Licensing::$plugin_page is deprecated","file":"C:\\xampp\\htdocs\\Armughan1\\wp-content\\plugins\\wp-reset\\wp-reset-licensing.php","line":40}

Oct 31 2023 07:48:48
{"type":8192,"message":"Creation of dynamic property WF_Licensing::$plugin_page is deprecated","file":"C:\\xampp\\htdocs\\Armughan1\\wp-content\\plugins\\wp-reset\\wp-reset-licensing.php","line":40}

Oct 31 2023 07:48:49
{"type":8192,"message":"Creation of dynamic property WF_Licensing::$plugin_page is deprecated","file":"C:\\xampp\\htdocs\\Armughan1\\wp-content\\plugins\\wp-reset\\wp-reset-licensing.php","line":40}

Oct 31 2023 07:48:49
{"type":8192,"message":"Creation of dynamic property WF_Licensing::$plugin_page is deprecated","file":"C:\\xampp\\htdocs\\Armughan1\\wp-content\\plugins\\wp-reset\\wp-reset-licensing.php","line":40}

Oct 31 2023 07:48:50
{"type":8192,"message":"Creation of dynamic property WF_Licensing::$plugin_page is deprecated","file":"C:\\xampp\\htdocs\\Armughan1\\wp-content\\plugins\\wp-reset\\wp-reset-licensing.php","line":40}

Oct 31 2023 07:48:50
{"type":8192,"message":"Creation of dynamic property WF_Licensing::$plugin_page is deprecated","file":"C:\\xampp\\htdocs\\Armughan1\\wp-content\\plugins\\wp-reset\\wp-reset-licensing.php","line":40}

Oct 31 2023 07:48:51
{"type":8192,"message":"Creation of dynamic property WF_Licensing::$plugin_page is deprecated","file":"C:\\xampp\\htdocs\\Armughan1\\wp-content\\plugins\\wp-reset\\wp-reset-licensing.php","line":40}

Oct 31 2023 07:48:52
{"type":8192,"message":"Creation of dynamic property WF_Licensing::$plugin_page is deprecated","file":"C:\\xampp\\htdocs\\Armughan1\\wp-content\\plugins\\wp-reset\\wp-reset-licensing.php","line":40}

Oct 31 2023 07:48:52
{"type":8192,"message":"Creation of dynamic property WF_Licensing::$plugin_page is deprecated","file":"C:\\xampp\\htdocs\\Armughan1\\wp-content\\plugins\\wp-reset\\wp-reset-licensing.php","line":40}

Oct 31 2023 07:48:53
{"type":8192,"message":"Creation of dynamic property WF_Licensing::$plugin_page is deprecated","file":"C:\\xampp\\htdocs\\Armughan1\\wp-content\\plugins\\wp-reset\\wp-reset-licensing.php","line":40}

Oct 31 2023 07:48:54
{"type":8192,"message":"Creation of dynamic property WF_Licensing::$plugin_page is deprecated","file":"C:\\xampp\\htdocs\\Armughan1\\wp-content\\plugins\\wp-reset\\wp-reset-licensing.php","line":40}

Oct 31 2023 07:48:54
{"type":8192,"message":"Creation of dynamic property WF_Licensing::$plugin_page is deprecated","file":"C:\\xampp\\htdocs\\Armughan1\\wp-content\\plugins\\wp-reset\\wp-reset-licensing.php","line":40}

Oct 31 2023 07:48:55
{"type":8192,"message":"Creation of dynamic property WF_Licensing::$plugin_page is deprecated","file":"C:\\xampp\\htdocs\\Armughan1\\wp-content\\plugins\\wp-reset\\wp-reset-licensing.php","line":40}

Oct 31 2023 07:48:55
{"type":8192,"message":"Creation of dynamic property WF_Licensing::$plugin_page is deprecated","file":"C:\\xampp\\htdocs\\Armughan1\\wp-content\\plugins\\wp-reset\\wp-reset-licensing.php","line":40}

Oct 31 2023 07:48:56
{"type":8192,"message":"Creation of dynamic property WF_Licensing::$plugin_page is deprecated","file":"C:\\xampp\\htdocs\\Armughan1\\wp-content\\plugins\\wp-reset\\wp-reset-licensing.php","line":40}

Oct 31 2023 07:48:56
{"type":8192,"message":"Creation of dynamic property WF_Licensing::$plugin_page is deprecated","file":"C:\\xampp\\htdocs\\Armughan1\\wp-content\\plugins\\wp-reset\\wp-reset-licensing.php","line":40}

Oct 31 2023 07:48:57
{"type":8192,"message":"Creation of dynamic property WF_Licensing::$plugin_page is deprecated","file":"C:\\xampp\\htdocs\\Armughan1\\wp-content\\plugins\\wp-reset\\wp-reset-licensing.php","line":40}

Oct 31 2023 07:48:58
{"type":8192,"message":"Creation of dynamic property WF_Licensing::$plugin_page is deprecated","file":"C:\\xampp\\htdocs\\Armughan1\\wp-content\\plugins\\wp-reset\\wp-reset-licensing.php","line":40}

Oct 31 2023 07:48:58
{"type":8192,"message":"Creation of dynamic property WF_Licensing::$plugin_page is deprecated","file":"C:\\xampp\\htdocs\\Armughan1\\wp-content\\plugins\\wp-reset\\wp-reset-licensing.php","line":40}

Oct 31 2023 07:48:59
{"type":8192,"message":"Creation of dynamic property WF_Licensing::$plugin_page is deprecated","file":"C:\\xampp\\htdocs\\Armughan1\\wp-content\\plugins\\wp-reset\\wp-reset-licensing.php","line":40}

Oct 31 2023 07:48:59
{"type":8192,"message":"Creation of dynamic property WF_Licensing::$plugin_page is deprecated","file":"C:\\xampp\\htdocs\\Armughan1\\wp-content\\plugins\\wp-reset\\wp-reset-licensing.php","line":40}

Oct 31 2023 07:49:00
{"type":8192,"message":"Creation of dynamic property WF_Licensing::$plugin_page is deprecated","file":"C:\\xampp\\htdocs\\Armughan1\\wp-content\\plugins\\wp-reset\\wp-reset-licensing.php","line":40}

Oct 31 2023 07:49:00
{"type":8192,"message":"Creation of dynamic property WF_Licensing::$plugin_page is deprecated","file":"C:\\xampp\\htdocs\\Armughan1\\wp-content\\plugins\\wp-reset\\wp-reset-licensing.php","line":40}

Oct 31 2023 07:49:01
{"type":8192,"message":"Creation of dynamic property WF_Licensing::$plugin_page is deprecated","file":"C:\\xampp\\htdocs\\Armughan1\\wp-content\\plugins\\wp-reset\\wp-reset-licensing.php","line":40}

Oct 31 2023 07:49:01
{"type":8192,"message":"Creation of dynamic property WF_Licensing::$plugin_page is deprecated","file":"C:\\xampp\\htdocs\\Armughan1\\wp-content\\plugins\\wp-reset\\wp-reset-licensing.php","line":40}

Oct 31 2023 07:49:02
{"type":8192,"message":"Creation of dynamic property WF_Licensing::$plugin_page is deprecated","file":"C:\\xampp\\htdocs\\Armughan1\\wp-content\\plugins\\wp-reset\\wp-reset-licensing.php","line":40}

Oct 31 2023 07:49:03
{"type":8192,"message":"Creation of dynamic property WF_Licensing::$plugin_page is deprecated","file":"C:\\xampp\\htdocs\\Armughan1\\wp-content\\plugins\\wp-reset\\wp-reset-licensing.php","line":40}

Oct 31 2023 07:49:03
{"type":8192,"message":"Creation of dynamic property WF_Licensing::$plugin_page is deprecated","file":"C:\\xampp\\htdocs\\Armughan1\\wp-content\\plugins\\wp-reset\\wp-reset-licensing.php","line":40}

Oct 31 2023 07:49:04
{"type":8192,"message":"Creation of dynamic property WF_Licensing::$plugin_page is deprecated","file":"C:\\xampp\\htdocs\\Armughan1\\wp-content\\plugins\\wp-reset\\wp-reset-licensing.php","line":40}

Oct 31 2023 07:49:04
{"type":8192,"message":"Creation of dynamic property WF_Licensing::$plugin_page is deprecated","file":"C:\\xampp\\htdocs\\Armughan1\\wp-content\\plugins\\wp-reset\\wp-reset-licensing.php","line":40}

Oct 31 2023 07:49:05
{"type":8192,"message":"Creation of dynamic property WF_Licensing::$plugin_page is deprecated","file":"C:\\xampp\\htdocs\\Armughan1\\wp-content\\plugins\\wp-reset\\wp-reset-licensing.php","line":40}

Oct 31 2023 07:49:05
{"type":8192,"message":"Creation of dynamic property WF_Licensing::$plugin_page is deprecated","file":"C:\\xampp\\htdocs\\Armughan1\\wp-content\\plugins\\wp-reset\\wp-reset-licensing.php","line":40}

Oct 31 2023 07:49:06
{"type":8192,"message":"Creation of dynamic property WF_Licensing::$plugin_page is deprecated","file":"C:\\xampp\\htdocs\\Armughan1\\wp-content\\plugins\\wp-reset\\wp-reset-licensing.php","line":40}

Oct 31 2023 07:49:06
{"type":8192,"message":"Creation of dynamic property WF_Licensing::$plugin_page is deprecated","file":"C:\\xampp\\htdocs\\Armughan1\\wp-content\\plugins\\wp-reset\\wp-reset-licensing.php","line":40}

Oct 31 2023 07:49:07
{"type":8192,"message":"Creation of dynamic property WF_Licensing::$plugin_page is deprecated","file":"C:\\xampp\\htdocs\\Armughan1\\wp-content\\plugins\\wp-reset\\wp-reset-licensing.php","line":40}

Oct 31 2023 07:49:07
{"type":8192,"message":"Creation of dynamic property WF_Licensing::$plugin_page is deprecated","file":"C:\\xampp\\htdocs\\Armughan1\\wp-content\\plugins\\wp-reset\\wp-reset-licensing.php","line":40}

Oct 31 2023 07:49:08
{"type":8192,"message":"Creation of dynamic property WF_Licensing::$plugin_page is deprecated","file":"C:\\xampp\\htdocs\\Armughan1\\wp-content\\plugins\\wp-reset\\wp-reset-licensing.php","line":40}

Oct 31 2023 07:49:09
{"type":8192,"message":"Creation of dynamic property WF_Licensing::$plugin_page is deprecated","file":"C:\\xampp\\htdocs\\Armughan1\\wp-content\\plugins\\wp-reset\\wp-reset-licensing.php","line":40}

Oct 31 2023 07:49:09
{"type":8192,"message":"Creation of dynamic property WF_Licensing::$plugin_page is deprecated","file":"C:\\xampp\\htdocs\\Armughan1\\wp-content\\plugins\\wp-reset\\wp-reset-licensing.php","line":40}

Oct 31 2023 07:49:10
{"type":8192,"message":"Creation of dynamic property WF_Licensing::$plugin_page is deprecated","file":"C:\\xampp\\htdocs\\Armughan1\\wp-content\\plugins\\wp-reset\\wp-reset-licensing.php","line":40}

Oct 31 2023 07:49:10
{"type":8192,"message":"Creation of dynamic property WF_Licensing::$plugin_page is deprecated","file":"C:\\xampp\\htdocs\\Armughan1\\wp-content\\plugins\\wp-reset\\wp-reset-licensing.php","line":40}

Oct 31 2023 07:49:11
{"type":8192,"message":"Creation of dynamic property WF_Licensing::$plugin_page is deprecated","file":"C:\\xampp\\htdocs\\Armughan1\\wp-content\\plugins\\wp-reset\\wp-reset-licensing.php","line":40}

Oct 31 2023 07:49:11
{"type":8192,"message":"Creation of dynamic property WF_Licensing::$plugin_page is deprecated","file":"C:\\xampp\\htdocs\\Armughan1\\wp-content\\plugins\\wp-reset\\wp-reset-licensing.php","line":40}

Oct 31 2023 07:49:12
{"type":8192,"message":"Creation of dynamic property WF_Licensing::$plugin_page is deprecated","file":"C:\\xampp\\htdocs\\Armughan1\\wp-content\\plugins\\wp-reset\\wp-reset-licensing.php","line":40}

Oct 31 2023 07:49:12
{"type":8192,"message":"Creation of dynamic property WF_Licensing::$plugin_page is deprecated","file":"C:\\xampp\\htdocs\\Armughan1\\wp-content\\plugins\\wp-reset\\wp-reset-licensing.php","line":40}

Oct 31 2023 07:49:13
{"type":8192,"message":"Creation of dynamic property WF_Licensing::$plugin_page is deprecated","file":"C:\\xampp\\htdocs\\Armughan1\\wp-content\\plugins\\wp-reset\\wp-reset-licensing.php","line":40}

Oct 31 2023 07:49:14
{"type":8192,"message":"Creation of dynamic property WF_Licensing::$plugin_page is deprecated","file":"C:\\xampp\\htdocs\\Armughan1\\wp-content\\plugins\\wp-reset\\wp-reset-licensing.php","line":40}

Oct 31 2023 07:49:14
{"type":8192,"message":"Creation of dynamic property WF_Licensing::$plugin_page is deprecated","file":"C:\\xampp\\htdocs\\Armughan1\\wp-content\\plugins\\wp-reset\\wp-reset-licensing.php","line":40}

Oct 31 2023 07:49:15
{"type":8192,"message":"Creation of dynamic property WF_Licensing::$plugin_page is deprecated","file":"C:\\xampp\\htdocs\\Armughan1\\wp-content\\plugins\\wp-reset\\wp-reset-licensing.php","line":40}

Oct 31 2023 07:49:15
{"type":8192,"message":"Creation of dynamic property WF_Licensing::$plugin_page is deprecated","file":"C:\\xampp\\htdocs\\Armughan1\\wp-content\\plugins\\wp-reset\\wp-reset-licensing.php","line":40}

Oct 31 2023 07:49:16
{"type":8192,"message":"Creation of dynamic property WF_Licensing::$plugin_page is deprecated","file":"C:\\xampp\\htdocs\\Armughan1\\wp-content\\plugins\\wp-reset\\wp-reset-licensing.php","line":40}

Oct 31 2023 07:49:16
{"type":8192,"message":"Creation of dynamic property WF_Licensing::$plugin_page is deprecated","file":"C:\\xampp\\htdocs\\Armughan1\\wp-content\\plugins\\wp-reset\\wp-reset-licensing.php","line":40}

Oct 31 2023 07:49:17
{"type":8192,"message":"Creation of dynamic property WF_Licensing::$plugin_page is deprecated","file":"C:\\xampp\\htdocs\\Armughan1\\wp-content\\plugins\\wp-reset\\wp-reset-licensing.php","line":40}

Oct 31 2023 07:49:17
{"type":8192,"message":"Creation of dynamic property WF_Licensing::$plugin_page is deprecated","file":"C:\\xampp\\htdocs\\Armughan1\\wp-content\\plugins\\wp-reset\\wp-reset-licensing.php","line":40}

Oct 31 2023 07:49:18
{"type":8192,"message":"Creation of dynamic property WF_Licensing::$plugin_page is deprecated","file":"C:\\xampp\\htdocs\\Armughan1\\wp-content\\plugins\\wp-reset\\wp-reset-licensing.php","line":40}

Oct 31 2023 07:49:19
{"type":8192,"message":"Creation of dynamic property WF_Licensing::$plugin_page is deprecated","file":"C:\\xampp\\htdocs\\Armughan1\\wp-content\\plugins\\wp-reset\\wp-reset-licensing.php","line":40}

Oct 31 2023 07:49:19
{"type":8192,"message":"Creation of dynamic property WF_Licensing::$plugin_page is deprecated","file":"C:\\xampp\\htdocs\\Armughan1\\wp-content\\plugins\\wp-reset\\wp-reset-licensing.php","line":40}

Oct 31 2023 07:49:20
{"type":8192,"message":"Creation of dynamic property WF_Licensing::$plugin_page is deprecated","file":"C:\\xampp\\htdocs\\Armughan1\\wp-content\\plugins\\wp-reset\\wp-reset-licensing.php","line":40}

Oct 31 2023 07:49:20
{"type":8192,"message":"Creation of dynamic property WF_Licensing::$plugin_page is deprecated","file":"C:\\xampp\\htdocs\\Armughan1\\wp-content\\plugins\\wp-reset\\wp-reset-licensing.php","line":40}

Oct 31 2023 07:49:21
{"type":8192,"message":"Creation of dynamic property WF_Licensing::$plugin_page is deprecated","file":"C:\\xampp\\htdocs\\Armughan1\\wp-content\\plugins\\wp-reset\\wp-reset-licensing.php","line":40}

Oct 31 2023 07:49:21
{"type":8192,"message":"Creation of dynamic property WF_Licensing::$plugin_page is deprecated","file":"C:\\xampp\\htdocs\\Armughan1\\wp-content\\plugins\\wp-reset\\wp-reset-licensing.php","line":40}

Oct 31 2023 07:49:22
{"type":8192,"message":"Creation of dynamic property WF_Licensing::$plugin_page is deprecated","file":"C:\\xampp\\htdocs\\Armughan1\\wp-content\\plugins\\wp-reset\\wp-reset-licensing.php","line":40}

Oct 31 2023 07:49:22
{"type":8192,"message":"Creation of dynamic property WF_Licensing::$plugin_page is deprecated","file":"C:\\xampp\\htdocs\\Armughan1\\wp-content\\plugins\\wp-reset\\wp-reset-licensing.php","line":40}

Oct 31 2023 07:49:23
{"type":8192,"message":"Creation of dynamic property WF_Licensing::$plugin_page is deprecated","file":"C:\\xampp\\htdocs\\Armughan1\\wp-content\\plugins\\wp-reset\\wp-reset-licensing.php","line":40}

Oct 31 2023 07:49:24
{"type":8192,"message":"Creation of dynamic property WF_Licensing::$plugin_page is deprecated","file":"C:\\xampp\\htdocs\\Armughan1\\wp-content\\plugins\\wp-reset\\wp-reset-licensing.php","line":40}

Oct 31 2023 07:49:24
{"type":8192,"message":"Creation of dynamic property WF_Licensing::$plugin_page is deprecated","file":"C:\\xampp\\htdocs\\Armughan1\\wp-content\\plugins\\wp-reset\\wp-reset-licensing.php","line":40}

Oct 31 2023 07:49:25
{"type":8192,"message":"Creation of dynamic property WF_Licensing::$plugin_page is deprecated","file":"C:\\xampp\\htdocs\\Armughan1\\wp-content\\plugins\\wp-reset\\wp-reset-licensing.php","line":40}

Oct 31 2023 07:49:25
{"type":8192,"message":"Creation of dynamic property WF_Licensing::$plugin_page is deprecated","file":"C:\\xampp\\htdocs\\Armughan1\\wp-content\\plugins\\wp-reset\\wp-reset-licensing.php","line":40}

Oct 31 2023 07:49:26
{"type":8192,"message":"Creation of dynamic property WF_Licensing::$plugin_page is deprecated","file":"C:\\xampp\\htdocs\\Armughan1\\wp-content\\plugins\\wp-reset\\wp-reset-licensing.php","line":40}

Oct 31 2023 07:49:26
{"type":8192,"message":"Creation of dynamic property WF_Licensing::$plugin_page is deprecated","file":"C:\\xampp\\htdocs\\Armughan1\\wp-content\\plugins\\wp-reset\\wp-reset-licensing.php","line":40}

Oct 31 2023 07:49:27
{"type":8192,"message":"Creation of dynamic property WF_Licensing::$plugin_page is deprecated","file":"C:\\xampp\\htdocs\\Armughan1\\wp-content\\plugins\\wp-reset\\wp-reset-licensing.php","line":40}

Oct 31 2023 07:49:27
{"type":8192,"message":"Creation of dynamic property WF_Licensing::$plugin_page is deprecated","file":"C:\\xampp\\htdocs\\Armughan1\\wp-content\\plugins\\wp-reset\\wp-reset-licensing.php","line":40}

Oct 31 2023 07:49:28
{"type":8192,"message":"Creation of dynamic property WF_Licensing::$plugin_page is deprecated","file":"C:\\xampp\\htdocs\\Armughan1\\wp-content\\plugins\\wp-reset\\wp-reset-licensing.php","line":40}

Oct 31 2023 07:49:28
{"type":8192,"message":"Creation of dynamic property WF_Licensing::$plugin_page is deprecated","file":"C:\\xampp\\htdocs\\Armughan1\\wp-content\\plugins\\wp-reset\\wp-reset-licensing.php","line":40}

Oct 31 2023 07:49:29
{"type":8192,"message":"Creation of dynamic property WF_Licensing::$plugin_page is deprecated","file":"C:\\xampp\\htdocs\\Armughan1\\wp-content\\plugins\\wp-reset\\wp-reset-licensing.php","line":40}

Oct 31 2023 07:49:30
{"type":8192,"message":"Creation of dynamic property WF_Licensing::$plugin_page is deprecated","file":"C:\\xampp\\htdocs\\Armughan1\\wp-content\\plugins\\wp-reset\\wp-reset-licensing.php","line":40}

Oct 31 2023 07:49:30
{"type":8192,"message":"Creation of dynamic property WF_Licensing::$plugin_page is deprecated","file":"C:\\xampp\\htdocs\\Armughan1\\wp-content\\plugins\\wp-reset\\wp-reset-licensing.php","line":40}

Oct 31 2023 07:49:31
{"type":8192,"message":"Creation of dynamic property WF_Licensing::$plugin_page is deprecated","file":"C:\\xampp\\htdocs\\Armughan1\\wp-content\\plugins\\wp-reset\\wp-reset-licensing.php","line":40}

Oct 31 2023 07:49:31
{"type":8192,"message":"Creation of dynamic property WF_Licensing::$plugin_page is deprecated","file":"C:\\xampp\\htdocs\\Armughan1\\wp-content\\plugins\\wp-reset\\wp-reset-licensing.php","line":40}

Oct 31 2023 07:49:32
{"type":8192,"message":"Creation of dynamic property WF_Licensing::$plugin_page is deprecated","file":"C:\\xampp\\htdocs\\Armughan1\\wp-content\\plugins\\wp-reset\\wp-reset-licensing.php","line":40}

Oct 31 2023 07:49:32
{"type":8192,"message":"Creation of dynamic property WF_Licensing::$plugin_page is deprecated","file":"C:\\xampp\\htdocs\\Armughan1\\wp-content\\plugins\\wp-reset\\wp-reset-licensing.php","line":40}

Oct 31 2023 07:49:33
{"type":8192,"message":"Creation of dynamic property WF_Licensing::$plugin_page is deprecated","file":"C:\\xampp\\htdocs\\Armughan1\\wp-content\\plugins\\wp-reset\\wp-reset-licensing.php","line":40}

Oct 31 2023 07:49:33
{"type":8192,"message":"Creation of dynamic property WF_Licensing::$plugin_page is deprecated","file":"C:\\xampp\\htdocs\\Armughan1\\wp-content\\plugins\\wp-reset\\wp-reset-licensing.php","line":40}

Oct 31 2023 07:49:34
{"type":8192,"message":"Creation of dynamic property WF_Licensing::$plugin_page is deprecated","file":"C:\\xampp\\htdocs\\Armughan1\\wp-content\\plugins\\wp-reset\\wp-reset-licensing.php","line":40}

Oct 31 2023 07:49:35
{"type":8192,"message":"Creation of dynamic property WF_Licensing::$plugin_page is deprecated","file":"C:\\xampp\\htdocs\\Armughan1\\wp-content\\plugins\\wp-reset\\wp-reset-licensing.php","line":40}

Oct 31 2023 07:49:35
{"type":8192,"message":"Creation of dynamic property WF_Licensing::$plugin_page is deprecated","file":"C:\\xampp\\htdocs\\Armughan1\\wp-content\\plugins\\wp-reset\\wp-reset-licensing.php","line":40}

Oct 31 2023 07:49:36
{"type":8192,"message":"Creation of dynamic property WF_Licensing::$plugin_page is deprecated","file":"C:\\xampp\\htdocs\\Armughan1\\wp-content\\plugins\\wp-reset\\wp-reset-licensing.php","line":40}

Oct 31 2023 07:49:36
{"type":8192,"message":"Creation of dynamic property WF_Licensing::$plugin_page is deprecated","file":"C:\\xampp\\htdocs\\Armughan1\\wp-content\\plugins\\wp-reset\\wp-reset-licensing.php","line":40}

Oct 31 2023 07:49:37
{"type":8192,"message":"Creation of dynamic property WF_Licensing::$plugin_page is deprecated","file":"C:\\xampp\\htdocs\\Armughan1\\wp-content\\plugins\\wp-reset\\wp-reset-licensing.php","line":40}

Oct 31 2023 07:49:37
{"type":8192,"message":"Creation of dynamic property WF_Licensing::$plugin_page is deprecated","file":"C:\\xampp\\htdocs\\Armughan1\\wp-content\\plugins\\wp-reset\\wp-reset-licensing.php","line":40}

Oct 31 2023 07:49:38
{"type":8192,"message":"Creation of dynamic property WF_Licensing::$plugin_page is deprecated","file":"C:\\xampp\\htdocs\\Armughan1\\wp-content\\plugins\\wp-reset\\wp-reset-licensing.php","line":40}

Oct 31 2023 07:49:39
{"type":8192,"message":"Creation of dynamic property WF_Licensing::$plugin_page is deprecated","file":"C:\\xampp\\htdocs\\Armughan1\\wp-content\\plugins\\wp-reset\\wp-reset-licensing.php","line":40}

Oct 31 2023 07:49:39
{"type":8192,"message":"Creation of dynamic property WF_Licensing::$plugin_page is deprecated","file":"C:\\xampp\\htdocs\\Armughan1\\wp-content\\plugins\\wp-reset\\wp-reset-licensing.php","line":40}

Oct 31 2023 07:49:40
{"type":8192,"message":"Creation of dynamic property WF_Licensing::$plugin_page is deprecated","file":"C:\\xampp\\htdocs\\Armughan1\\wp-content\\plugins\\wp-reset\\wp-reset-licensing.php","line":40}

Oct 31 2023 07:49:40
{"type":8192,"message":"Creation of dynamic property WF_Licensing::$plugin_page is deprecated","file":"C:\\xampp\\htdocs\\Armughan1\\wp-content\\plugins\\wp-reset\\wp-reset-licensing.php","line":40}

Oct 31 2023 07:49:41
{"type":8192,"message":"Creation of dynamic property WF_Licensing::$plugin_page is deprecated","file":"C:\\xampp\\htdocs\\Armughan1\\wp-content\\plugins\\wp-reset\\wp-reset-licensing.php","line":40}

Oct 31 2023 07:49:42
{"type":8192,"message":"Creation of dynamic property WF_Licensing::$plugin_page is deprecated","file":"C:\\xampp\\htdocs\\Armughan1\\wp-content\\plugins\\wp-reset\\wp-reset-licensing.php","line":40}

Oct 31 2023 07:49:42
{"type":8192,"message":"Creation of dynamic property WF_Licensing::$plugin_page is deprecated","file":"C:\\xampp\\htdocs\\Armughan1\\wp-content\\plugins\\wp-reset\\wp-reset-licensing.php","line":40}

Oct 31 2023 07:50:04
{"type":8192,"message":"Creation of dynamic property WF_Licensing::$plugin_page is deprecated","file":"C:\\xampp\\htdocs\\Armughan1\\wp-content\\plugins\\wp-reset\\wp-reset-licensing.php","line":40}

Oct 31 2023 07:50:05
{"type":8192,"message":"Creation of dynamic property WF_Licensing::$plugin_page is deprecated","file":"C:\\xampp\\htdocs\\Armughan1\\wp-content\\plugins\\wp-reset\\wp-reset-licensing.php","line":40}

Oct 31 2023 07:50:06
{"type":8192,"message":"Creation of dynamic property WF_Licensing::$plugin_page is deprecated","file":"C:\\xampp\\htdocs\\Armughan1\\wp-content\\plugins\\wp-reset\\wp-reset-licensing.php","line":40}

Oct 31 2023 07:50:06
{"type":8192,"message":"Creation of dynamic property WF_Licensing::$plugin_page is deprecated","file":"C:\\xampp\\htdocs\\Armughan1\\wp-content\\plugins\\wp-reset\\wp-reset-licensing.php","line":40}

Oct 31 2023 07:50:07
{"type":8192,"message":"Creation of dynamic property WF_Licensing::$plugin_page is deprecated","file":"C:\\xampp\\htdocs\\Armughan1\\wp-content\\plugins\\wp-reset\\wp-reset-licensing.php","line":40}

Oct 31 2023 07:50:08
{"type":8192,"message":"Creation of dynamic property WF_Licensing::$plugin_page is deprecated","file":"C:\\xampp\\htdocs\\Armughan1\\wp-content\\plugins\\wp-reset\\wp-reset-licensing.php","line":40}

Oct 31 2023 07:50:08
{"type":8192,"message":"Creation of dynamic property WF_Licensing::$plugin_page is deprecated","file":"C:\\xampp\\htdocs\\Armughan1\\wp-content\\plugins\\wp-reset\\wp-reset-licensing.php","line":40}

Oct 31 2023 07:50:09
{"type":8192,"message":"Creation of dynamic property WF_Licensing::$plugin_page is deprecated","file":"C:\\xampp\\htdocs\\Armughan1\\wp-content\\plugins\\wp-reset\\wp-reset-licensing.php","line":40}

Oct 31 2023 07:50:10
{"type":8192,"message":"Creation of dynamic property WF_Licensing::$plugin_page is deprecated","file":"C:\\xampp\\htdocs\\Armughan1\\wp-content\\plugins\\wp-reset\\wp-reset-licensing.php","line":40}

Oct 31 2023 07:50:11
{"type":8192,"message":"Creation of dynamic property WF_Licensing::$plugin_page is deprecated","file":"C:\\xampp\\htdocs\\Armughan1\\wp-content\\plugins\\wp-reset\\wp-reset-licensing.php","line":40}

Oct 31 2023 07:50:11
{"type":8192,"message":"Creation of dynamic property WF_Licensing::$plugin_page is deprecated","file":"C:\\xampp\\htdocs\\Armughan1\\wp-content\\plugins\\wp-reset\\wp-reset-licensing.php","line":40}

Oct 31 2023 07:50:12
{"type":8192,"message":"Creation of dynamic property WF_Licensing::$plugin_page is deprecated","file":"C:\\xampp\\htdocs\\Armughan1\\wp-content\\plugins\\wp-reset\\wp-reset-licensing.php","line":40}

Oct 31 2023 07:50:13
{"type":8192,"message":"Creation of dynamic property WF_Licensing::$plugin_page is deprecated","file":"C:\\xampp\\htdocs\\Armughan1\\wp-content\\plugins\\wp-reset\\wp-reset-licensing.php","line":40}

Oct 31 2023 07:50:13
{"type":8192,"message":"Creation of dynamic property WF_Licensing::$plugin_page is deprecated","file":"C:\\xampp\\htdocs\\Armughan1\\wp-content\\plugins\\wp-reset\\wp-reset-licensing.php","line":40}

Oct 31 2023 07:50:14
{"type":8192,"message":"Creation of dynamic property WF_Licensing::$plugin_page is deprecated","file":"C:\\xampp\\htdocs\\Armughan1\\wp-content\\plugins\\wp-reset\\wp-reset-licensing.php","line":40}

Oct 31 2023 07:50:15
{"type":8192,"message":"Creation of dynamic property WF_Licensing::$plugin_page is deprecated","file":"C:\\xampp\\htdocs\\Armughan1\\wp-content\\plugins\\wp-reset\\wp-reset-licensing.php","line":40}

Oct 31 2023 07:50:15
{"type":8192,"message":"Creation of dynamic property WF_Licensing::$plugin_page is deprecated","file":"C:\\xampp\\htdocs\\Armughan1\\wp-content\\plugins\\wp-reset\\wp-reset-licensing.php","line":40}

Oct 31 2023 07:50:16
{"type":8192,"message":"Creation of dynamic property WF_Licensing::$plugin_page is deprecated","file":"C:\\xampp\\htdocs\\Armughan1\\wp-content\\plugins\\wp-reset\\wp-reset-licensing.php","line":40}

Oct 31 2023 07:50:17
{"type":8192,"message":"Creation of dynamic property WF_Licensing::$plugin_page is deprecated","file":"C:\\xampp\\htdocs\\Armughan1\\wp-content\\plugins\\wp-reset\\wp-reset-licensing.php","line":40}

Oct 31 2023 07:50:18
{"type":8192,"message":"Creation of dynamic property WF_Licensing::$plugin_page is deprecated","file":"C:\\xampp\\htdocs\\Armughan1\\wp-content\\plugins\\wp-reset\\wp-reset-licensing.php","line":40}

Oct 31 2023 07:50:18
{"type":8192,"message":"Creation of dynamic property WF_Licensing::$plugin_page is deprecated","file":"C:\\xampp\\htdocs\\Armughan1\\wp-content\\plugins\\wp-reset\\wp-reset-licensing.php","line":40}

Oct 31 2023 07:50:19
{"type":8192,"message":"Creation of dynamic property WF_Licensing::$plugin_page is deprecated","file":"C:\\xampp\\htdocs\\Armughan1\\wp-content\\plugins\\wp-reset\\wp-reset-licensing.php","line":40}

Oct 31 2023 07:50:20
{"type":8192,"message":"Creation of dynamic property WF_Licensing::$plugin_page is deprecated","file":"C:\\xampp\\htdocs\\Armughan1\\wp-content\\plugins\\wp-reset\\wp-reset-licensing.php","line":40}

Oct 31 2023 07:50:20
{"type":8192,"message":"Creation of dynamic property WF_Licensing::$plugin_page is deprecated","file":"C:\\xampp\\htdocs\\Armughan1\\wp-content\\plugins\\wp-reset\\wp-reset-licensing.php","line":40}

Oct 31 2023 07:50:21
{"type":8192,"message":"Creation of dynamic property WF_Licensing::$plugin_page is deprecated","file":"C:\\xampp\\htdocs\\Armughan1\\wp-content\\plugins\\wp-reset\\wp-reset-licensing.php","line":40}

Oct 31 2023 07:50:22
{"type":8192,"message":"Creation of dynamic property WF_Licensing::$plugin_page is deprecated","file":"C:\\xampp\\htdocs\\Armughan1\\wp-content\\plugins\\wp-reset\\wp-reset-licensing.php","line":40}

Oct 31 2023 07:50:22
{"type":8192,"message":"Creation of dynamic property WF_Licensing::$plugin_page is deprecated","file":"C:\\xampp\\htdocs\\Armughan1\\wp-content\\plugins\\wp-reset\\wp-reset-licensing.php","line":40}

Oct 31 2023 07:50:23
{"type":8192,"message":"Creation of dynamic property WF_Licensing::$plugin_page is deprecated","file":"C:\\xampp\\htdocs\\Armughan1\\wp-content\\plugins\\wp-reset\\wp-reset-licensing.php","line":40}

Oct 31 2023 07:50:24
{"type":8192,"message":"Creation of dynamic property WF_Licensing::$plugin_page is deprecated","file":"C:\\xampp\\htdocs\\Armughan1\\wp-content\\plugins\\wp-reset\\wp-reset-licensing.php","line":40}

Oct 31 2023 07:50:24
{"type":8192,"message":"Creation of dynamic property WF_Licensing::$plugin_page is deprecated","file":"C:\\xampp\\htdocs\\Armughan1\\wp-content\\plugins\\wp-reset\\wp-reset-licensing.php","line":40}

Oct 31 2023 07:50:25
{"type":8192,"message":"Creation of dynamic property WF_Licensing::$plugin_page is deprecated","file":"C:\\xampp\\htdocs\\Armughan1\\wp-content\\plugins\\wp-reset\\wp-reset-licensing.php","line":40}

Oct 31 2023 07:50:26
{"type":8192,"message":"Creation of dynamic property WF_Licensing::$plugin_page is deprecated","file":"C:\\xampp\\htdocs\\Armughan1\\wp-content\\plugins\\wp-reset\\wp-reset-licensing.php","line":40}

Oct 31 2023 07:50:26
{"type":8192,"message":"Creation of dynamic property WF_Licensing::$plugin_page is deprecated","file":"C:\\xampp\\htdocs\\Armughan1\\wp-content\\plugins\\wp-reset\\wp-reset-licensing.php","line":40}

Oct 31 2023 07:50:27
{"type":8192,"message":"Creation of dynamic property WF_Licensing::$plugin_page is deprecated","file":"C:\\xampp\\htdocs\\Armughan1\\wp-content\\plugins\\wp-reset\\wp-reset-licensing.php","line":40}

Oct 31 2023 07:50:28
{"type":8192,"message":"Creation of dynamic property WF_Licensing::$plugin_page is deprecated","file":"C:\\xampp\\htdocs\\Armughan1\\wp-content\\plugins\\wp-reset\\wp-reset-licensing.php","line":40}

Oct 31 2023 07:50:28
{"type":8192,"message":"Creation of dynamic property WF_Licensing::$plugin_page is deprecated","file":"C:\\xampp\\htdocs\\Armughan1\\wp-content\\plugins\\wp-reset\\wp-reset-licensing.php","line":40}

Oct 31 2023 07:50:29
{"type":8192,"message":"Creation of dynamic property WF_Licensing::$plugin_page is deprecated","file":"C:\\xampp\\htdocs\\Armughan1\\wp-content\\plugins\\wp-reset\\wp-reset-licensing.php","line":40}

Oct 31 2023 07:50:30
{"type":8192,"message":"Creation of dynamic property WF_Licensing::$plugin_page is deprecated","file":"C:\\xampp\\htdocs\\Armughan1\\wp-content\\plugins\\wp-reset\\wp-reset-licensing.php","line":40}

Oct 31 2023 07:50:30
{"type":8192,"message":"Creation of dynamic property WF_Licensing::$plugin_page is deprecated","file":"C:\\xampp\\htdocs\\Armughan1\\wp-content\\plugins\\wp-reset\\wp-reset-licensing.php","line":40}

Oct 31 2023 07:50:31
{"type":8192,"message":"Creation of dynamic property WF_Licensing::$plugin_page is deprecated","file":"C:\\xampp\\htdocs\\Armughan1\\wp-content\\plugins\\wp-reset\\wp-reset-licensing.php","line":40}

Oct 31 2023 07:50:32
{"type":8192,"message":"Creation of dynamic property WF_Licensing::$plugin_page is deprecated","file":"C:\\xampp\\htdocs\\Armughan1\\wp-content\\plugins\\wp-reset\\wp-reset-licensing.php","line":40}

Oct 31 2023 07:50:32
{"type":8192,"message":"Creation of dynamic property WF_Licensing::$plugin_page is deprecated","file":"C:\\xampp\\htdocs\\Armughan1\\wp-content\\plugins\\wp-reset\\wp-reset-licensing.php","line":40}

Oct 31 2023 07:50:46
{"type":8192,"message":"Creation of dynamic property WF_Licensing::$plugin_page is deprecated","file":"C:\\xampp\\htdocs\\Armughan1\\wp-content\\plugins\\wp-reset\\wp-reset-licensing.php","line":40}

Oct 31 2023 07:50:47
{"type":8192,"message":"Creation of dynamic property WF_Licensing::$plugin_page is deprecated","file":"C:\\xampp\\htdocs\\Armughan1\\wp-content\\plugins\\wp-reset\\wp-reset-licensing.php","line":40}

Oct 31 2023 07:50:57
{"type":8192,"message":"Creation of dynamic property WF_Licensing::$plugin_page is deprecated","file":"C:\\xampp\\htdocs\\Armughan1\\wp-content\\plugins\\wp-reset\\wp-reset-licensing.php","line":40}

Oct 31 2023 07:51:08
{"type":8192,"message":"Creation of dynamic property WF_Licensing::$plugin_page is deprecated","file":"C:\\xampp\\htdocs\\Armughan1\\wp-content\\plugins\\wp-reset\\wp-reset-licensing.php","line":40}

Oct 31 2023 07:51:19
{"type":8192,"message":"Creation of dynamic property WF_Licensing::$plugin_page is deprecated","file":"C:\\xampp\\htdocs\\Armughan1\\wp-content\\plugins\\wp-reset\\wp-reset-licensing.php","line":40}

Oct 31 2023 07:51:30
{"type":8192,"message":"Creation of dynamic property WF_Licensing::$plugin_page is deprecated","file":"C:\\xampp\\htdocs\\Armughan1\\wp-content\\plugins\\wp-reset\\wp-reset-licensing.php","line":40}

Oct 31 2023 07:51:41
{"type":8192,"message":"Creation of dynamic property WF_Licensing::$plugin_page is deprecated","file":"C:\\xampp\\htdocs\\Armughan1\\wp-content\\plugins\\wp-reset\\wp-reset-licensing.php","line":40}

Oct 31 2023 07:51:52
{"type":8192,"message":"Creation of dynamic property WF_Licensing::$plugin_page is deprecated","file":"C:\\xampp\\htdocs\\Armughan1\\wp-content\\plugins\\wp-reset\\wp-reset-licensing.php","line":40}

Oct 31 2023 07:52:03
{"type":8192,"message":"Creation of dynamic property WF_Licensing::$plugin_page is deprecated","file":"C:\\xampp\\htdocs\\Armughan1\\wp-content\\plugins\\wp-reset\\wp-reset-licensing.php","line":40}

Oct 31 2023 07:52:07
{"type":8192,"message":"Creation of dynamic property WF_Licensing::$plugin_page is deprecated","file":"C:\\xampp\\htdocs\\Armughan1\\wp-content\\plugins\\wp-reset\\wp-reset-licensing.php","line":40}

Oct 31 2023 07:52:08
{"type":8192,"message":"Creation of dynamic property WF_Licensing::$plugin_page is deprecated","file":"C:\\xampp\\htdocs\\Armughan1\\wp-content\\plugins\\wp-reset\\wp-reset-licensing.php","line":40}

Oct 31 2023 07:52:09
{"Number":8192,"Message":"Creation of dynamic property Ai1wm_Database_Mysqli::$old_replace_raw_values is deprecated","File":"C:\\xampp\\htdocs\\Armughan1\\wp-content\\plugins\\All-In-One-WP-Migration-With-Import-master\\lib\\vendor\\servmask\\database\\class-ai1wm-database.php","Line":300}

Oct 31 2023 07:52:09
{"Number":8192,"Message":"Creation of dynamic property Ai1wm_Database_Mysqli::$new_replace_raw_values is deprecated","File":"C:\\xampp\\htdocs\\Armughan1\\wp-content\\plugins\\All-In-One-WP-Migration-With-Import-master\\lib\\vendor\\servmask\\database\\class-ai1wm-database.php","Line":321}

Oct 31 2023 07:52:13
{"type":8192,"message":"Creation of dynamic property WF_Licensing::$plugin_page is deprecated","file":"C:\\xampp\\htdocs\\Armughan1\\wp-content\\plugins\\wp-reset\\wp-reset-licensing.php","line":40}

Oct 31 2023 07:52:14
{"type":8192,"message":"Return type of Ai1wm_Recursive_Newline_Filter::accept() should either be compatible with FilterIterator::accept(): bool, or the #[\\ReturnTypeWillChange] attribute should be used to temporarily suppress the notice","file":"C:\\xampp\\htdocs\\Armughan1\\wp-content\\plugins\\All-In-One-WP-Migration-With-Import-master\\lib\\vendor\\servmask\\filter\\class-ai1wm-recursive-newline-filter.php","line":28}

Oct 31 2023 07:52:16
{"type":8192,"message":"Using ${var} in strings is deprecated, use {$var} instead","file":"C:\\xampp\\htdocs\\Armughan1\\wp-content\\plugins\\elementor-pro\\core\\editor\\editor.php","line":129}

